jan 27, 2017 7:07:14 AM org.apache.catalina.startup.VersionLoggerListener log
INFO: Server version:        Apache Tomcat/7.0.73
jan 27, 2017 7:07:14 AM org.apache.catalina.startup.VersionLoggerListener log
INFO: Server built:          Nov 7 2016 21:27:23 UTC
jan 27, 2017 7:07:14 AM org.apache.catalina.startup.VersionLoggerListener log
INFO: Server number:         7.0.73.0
jan 27, 2017 7:07:14 AM org.apache.catalina.startup.VersionLoggerListener log
INFO: OS Name:               Windows 8.1
jan 27, 2017 7:07:14 AM org.apache.catalina.startup.VersionLoggerListener log
INFO: OS Version:            6.3
jan 27, 2017 7:07:14 AM org.apache.catalina.startup.VersionLoggerListener log
INFO: Architecture:          amd64
jan 27, 2017 7:07:14 AM org.apache.catalina.startup.VersionLoggerListener log
INFO: Java Home:             c:\java8\jre
jan 27, 2017 7:07:14 AM org.apache.catalina.startup.VersionLoggerListener log
INFO: JVM Version:           1.8.0_05-b13
jan 27, 2017 7:07:14 AM org.apache.catalina.startup.VersionLoggerListener log
INFO: JVM Vendor:            Oracle Corporation
jan 27, 2017 7:07:14 AM org.apache.catalina.startup.VersionLoggerListener log
INFO: CATALINA_BASE:         d:\Nina\apache-tomcat-7.0.73
jan 27, 2017 7:07:14 AM org.apache.catalina.startup.VersionLoggerListener log
INFO: CATALINA_HOME:         d:\Nina\apache-tomcat-7.0.73
jan 27, 2017 7:07:14 AM org.apache.catalina.startup.VersionLoggerListener log
INFO: Command line argument: -Djdk.tls.ephemeralDHKeySize=2048
jan 27, 2017 7:07:14 AM org.apache.catalina.startup.VersionLoggerListener log
INFO: Command line argument: -Djava.util.logging.config.file=d:\Nina\apache-tomcat-7.0.73\conf\logging.properties
jan 27, 2017 7:07:14 AM org.apache.catalina.startup.VersionLoggerListener log
INFO: Command line argument: -Djava.util.logging.manager=org.apache.juli.ClassLoaderLogManager
jan 27, 2017 7:07:14 AM org.apache.catalina.startup.VersionLoggerListener log
INFO: Command line argument: -Djava.endorsed.dirs=d:\Nina\apache-tomcat-7.0.73\endorsed
jan 27, 2017 7:07:14 AM org.apache.catalina.startup.VersionLoggerListener log
INFO: Command line argument: -Dcatalina.base=d:\Nina\apache-tomcat-7.0.73
jan 27, 2017 7:07:14 AM org.apache.catalina.startup.VersionLoggerListener log
INFO: Command line argument: -Dcatalina.home=d:\Nina\apache-tomcat-7.0.73
jan 27, 2017 7:07:14 AM org.apache.catalina.startup.VersionLoggerListener log
INFO: Command line argument: -Djava.io.tmpdir=d:\Nina\apache-tomcat-7.0.73\temp
jan 27, 2017 7:07:14 AM org.apache.catalina.core.AprLifecycleListener lifecycleEvent
INFO: The APR based Apache Tomcat Native library which allows optimal performance in production environments was not found on the java.library.path: c:\java8\bin;C:\WINDOWS\Sun\Java\bin;C:\WINDOWS\system32;C:\WINDOWS;C:\Program Files (x86)\NVIDIA Corporation\PhysX\Common;C:\ProgramData\Oracle\Java\javapath;c:\java\bin; C:\Python33\;C:\Perl64\site\bin;C:\Perl64\bin;C:\PROGRA~2\Borland\CBUILD~1\Projects\Bpl;C:\PROGRA~2\Borland\CBUILD~1\Bin;C:\Program Files (x86)\Intel\iCLS Client\;C:\Program Files\Intel\iCLS Client\;C:\windows\system32;C:\windows;C:\windows\System32\Wbem;C:\windows\System32\WindowsPowerShell\v1.0\;C:\Program Files\Intel\Intel(R) Management Engine Components\DAL;C:\Program Files\Intel\Intel(R) Management Engine Components\IPT;C:\Program Files (x86)\Intel\Intel(R) Management Engine Components\DAL;C:\Program Files (x86)\Intel\Intel(R) Management Engine Components\IPT;C:\Program Files\Lenovo\Bluetooth Software\;C:\Program Files\Lenovo\Bluetooth Software\syswow64;C:\Program Files (x86)\MiKTeX 2.9\miktex\bin\;C:\Program Files (x86)\PDFtk\bin\;c:\cygwin\bin;C:\Program Files (x86)\cvsnt;C:\WINDOWS\system32;C:\WINDOWS;C:\WINDOWS\System32\Wbem;C:\WINDOWS\System32\WindowsPowerShell\v1.0\;C:\Program Files\MATLAB\R2014a\runtime\win64;C:\Program Files\MATLAB\R2014a\bin;C:\Program Files\MATLAB\R2014a\polyspace\bin;C:\Program Files (x86)\Windows Live\Shared;C:\Program Files (x86)\Skype\Phone\;;.;;.;;.
jan 27, 2017 7:07:16 AM org.apache.coyote.AbstractProtocol init
INFO: Initializing ProtocolHandler ["http-bio-8080"]
jan 27, 2017 7:07:16 AM org.apache.coyote.AbstractProtocol init
INFO: Initializing ProtocolHandler ["ajp-bio-8009"]
jan 27, 2017 7:07:16 AM org.apache.catalina.startup.Catalina load
INFO: Initialization processed in 8432 ms
jan 27, 2017 7:07:16 AM org.apache.catalina.core.StandardService startInternal
INFO: Starting service Catalina
jan 27, 2017 7:07:16 AM org.apache.catalina.core.StandardEngine startInternal
INFO: Starting Servlet Engine: Apache Tomcat/7.0.73
jan 27, 2017 7:07:16 AM org.apache.catalina.startup.HostConfig deployDirectory
INFO: Deploying web application directory D:\Nina\apache-tomcat-7.0.73\webapps\docs
jan 27, 2017 7:07:19 AM org.apache.catalina.util.SessionIdGeneratorBase createSecureRandom
INFO: Creation of SecureRandom instance for session ID generation using [SHA1PRNG] took [353] milliseconds.
jan 27, 2017 7:07:19 AM org.apache.catalina.startup.HostConfig deployDirectory
INFO: Deployment of web application directory D:\Nina\apache-tomcat-7.0.73\webapps\docs has finished in 2,689 ms
jan 27, 2017 7:07:19 AM org.apache.catalina.startup.HostConfig deployDirectory
INFO: Deploying web application directory D:\Nina\apache-tomcat-7.0.73\webapps\examples
jan 27, 2017 7:07:22 AM org.apache.catalina.startup.HostConfig deployDirectory
INFO: Deployment of web application directory D:\Nina\apache-tomcat-7.0.73\webapps\examples has finished in 2,913 ms
jan 27, 2017 7:07:22 AM org.apache.catalina.startup.HostConfig deployDirectory
INFO: Deploying web application directory D:\Nina\apache-tomcat-7.0.73\webapps\host-manager
jan 27, 2017 7:07:23 AM org.apache.catalina.startup.HostConfig deployDirectory
INFO: Deployment of web application directory D:\Nina\apache-tomcat-7.0.73\webapps\host-manager has finished in 740 ms
jan 27, 2017 7:07:23 AM org.apache.catalina.startup.HostConfig deployDirectory
INFO: Deploying web application directory D:\Nina\apache-tomcat-7.0.73\webapps\manager
jan 27, 2017 7:07:23 AM org.apache.catalina.startup.HostConfig deployDirectory
INFO: Deployment of web application directory D:\Nina\apache-tomcat-7.0.73\webapps\manager has finished in 535 ms
jan 27, 2017 7:07:23 AM org.apache.catalina.startup.HostConfig deployDirectory
INFO: Deploying web application directory D:\Nina\apache-tomcat-7.0.73\webapps\ROOT
jan 27, 2017 7:07:23 AM org.apache.catalina.startup.HostConfig deployDirectory
INFO: Deployment of web application directory D:\Nina\apache-tomcat-7.0.73\webapps\ROOT has finished in 220 ms
jan 27, 2017 7:07:23 AM org.apache.coyote.AbstractProtocol start
INFO: Starting ProtocolHandler ["http-bio-8080"]
jan 27, 2017 7:07:23 AM org.apache.coyote.AbstractProtocol start
INFO: Starting ProtocolHandler ["ajp-bio-8009"]
jan 27, 2017 7:07:23 AM org.apache.catalina.startup.Catalina start
INFO: Server startup in 7381 ms
jan 27, 2017 7:52:05 AM org.apache.catalina.startup.HostConfig reload
INFO: Reloading context []
jan 27, 2017 7:52:05 AM org.apache.catalina.core.StandardContext reload
INFO: Reloading Context with name [] has started
jan 27, 2017 7:52:05 AM org.apache.catalina.core.StandardContext reload
INFO: Reloading Context with name [] is completed
jan 27, 2017 7:53:16 AM org.apache.catalina.startup.VersionLoggerListener log
INFO: Server version:        Apache Tomcat/7.0.73
jan 27, 2017 7:53:16 AM org.apache.catalina.startup.VersionLoggerListener log
INFO: Server built:          Nov 7 2016 21:27:23 UTC
jan 27, 2017 7:53:16 AM org.apache.catalina.startup.VersionLoggerListener log
INFO: Server number:         7.0.73.0
jan 27, 2017 7:53:16 AM org.apache.catalina.startup.VersionLoggerListener log
INFO: OS Name:               Windows 8.1
jan 27, 2017 7:53:16 AM org.apache.catalina.startup.VersionLoggerListener log
INFO: OS Version:            6.3
jan 27, 2017 7:53:16 AM org.apache.catalina.startup.VersionLoggerListener log
INFO: Architecture:          amd64
jan 27, 2017 7:53:16 AM org.apache.catalina.startup.VersionLoggerListener log
INFO: Java Home:             c:\java8\jre
jan 27, 2017 7:53:16 AM org.apache.catalina.startup.VersionLoggerListener log
INFO: JVM Version:           1.8.0_05-b13
jan 27, 2017 7:53:16 AM org.apache.catalina.startup.VersionLoggerListener log
INFO: JVM Vendor:            Oracle Corporation
jan 27, 2017 7:53:16 AM org.apache.catalina.startup.VersionLoggerListener log
INFO: CATALINA_BASE:         d:\Nina\apache-tomcat-7.0.73
jan 27, 2017 7:53:16 AM org.apache.catalina.startup.VersionLoggerListener log
INFO: CATALINA_HOME:         d:\Nina\apache-tomcat-7.0.73
jan 27, 2017 7:53:16 AM org.apache.catalina.startup.VersionLoggerListener log
INFO: Command line argument: -Djdk.tls.ephemeralDHKeySize=2048
jan 27, 2017 7:53:16 AM org.apache.catalina.startup.VersionLoggerListener log
INFO: Command line argument: -Djava.util.logging.config.file=d:\Nina\apache-tomcat-7.0.73\conf\logging.properties
jan 27, 2017 7:53:16 AM org.apache.catalina.startup.VersionLoggerListener log
INFO: Command line argument: -Djava.util.logging.manager=org.apache.juli.ClassLoaderLogManager
jan 27, 2017 7:53:16 AM org.apache.catalina.startup.VersionLoggerListener log
INFO: Command line argument: -Djava.endorsed.dirs=d:\Nina\apache-tomcat-7.0.73\endorsed
jan 27, 2017 7:53:16 AM org.apache.catalina.startup.VersionLoggerListener log
INFO: Command line argument: -Dcatalina.base=d:\Nina\apache-tomcat-7.0.73
jan 27, 2017 7:53:16 AM org.apache.catalina.startup.VersionLoggerListener log
INFO: Command line argument: -Dcatalina.home=d:\Nina\apache-tomcat-7.0.73
jan 27, 2017 7:53:16 AM org.apache.catalina.startup.VersionLoggerListener log
INFO: Command line argument: -Djava.io.tmpdir=d:\Nina\apache-tomcat-7.0.73\temp
jan 27, 2017 7:53:16 AM org.apache.catalina.core.AprLifecycleListener lifecycleEvent
INFO: The APR based Apache Tomcat Native library which allows optimal performance in production environments was not found on the java.library.path: c:\java8\bin;C:\WINDOWS\Sun\Java\bin;C:\WINDOWS\system32;C:\WINDOWS;C:\java8\bin;C:\java8\jre\bin;C:\Program Files (x86)\NVIDIA Corporation\PhysX\Common; C:\Python33\;C:\Perl64\site\bin;C:\Perl64\bin;C:\PROGRA~2\Borland\CBUILD~1\Projects\Bpl;C:\PROGRA~2\Borland\CBUILD~1\Bin;C:\Program Files (x86)\Intel\iCLS Client\;C:\Program Files\Intel\iCLS Client\;C:\windows\system32;C:\windows;C:\windows\System32\Wbem;C:\windows\System32\WindowsPowerShell\v1.0\;C:\Program Files\Intel\Intel(R) Management Engine Components\DAL;C:\Program Files\Intel\Intel(R) Management Engine Components\IPT;C:\Program Files (x86)\Intel\Intel(R) Management Engine Components\DAL;C:\Program Files (x86)\Intel\Intel(R) Management Engine Components\IPT;C:\Program Files\Lenovo\Bluetooth Software\;C:\Program Files\Lenovo\Bluetooth Software\syswow64;C:\Program Files (x86)\MiKTeX 2.9\miktex\bin\;C:\Program Files (x86)\PDFtk\bin\;c:\cygwin\bin;C:\Program Files (x86)\cvsnt;C:\WINDOWS\system32;C:\WINDOWS;C:\WINDOWS\System32\Wbem;C:\WINDOWS\System32\WindowsPowerShell\v1.0\;C:\Program Files\MATLAB\R2014a\runtime\win64;C:\Program Files\MATLAB\R2014a\bin;C:\Program Files\MATLAB\R2014a\polyspace\bin;C:\Program Files (x86)\Windows Live\Shared;C:\Program Files (x86)\Skype\Phone\;;.;;.
jan 27, 2017 7:53:17 AM org.apache.coyote.AbstractProtocol init
INFO: Initializing ProtocolHandler ["http-bio-8080"]
jan 27, 2017 7:53:17 AM org.apache.coyote.AbstractProtocol init
INFO: Initializing ProtocolHandler ["ajp-bio-8009"]
jan 27, 2017 7:53:17 AM org.apache.catalina.startup.Catalina load
INFO: Initialization processed in 2629 ms
jan 27, 2017 7:53:17 AM org.apache.catalina.core.StandardService startInternal
INFO: Starting service Catalina
jan 27, 2017 7:53:17 AM org.apache.catalina.core.StandardEngine startInternal
INFO: Starting Servlet Engine: Apache Tomcat/7.0.73
jan 27, 2017 7:53:17 AM org.apache.catalina.startup.HostConfig deployDirectory
INFO: Deploying web application directory D:\Nina\apache-tomcat-7.0.73\webapps\docs
jan 27, 2017 7:53:18 AM org.apache.catalina.util.SessionIdGeneratorBase createSecureRandom
INFO: Creation of SecureRandom instance for session ID generation using [SHA1PRNG] took [387] milliseconds.
jan 27, 2017 7:53:18 AM org.apache.catalina.startup.HostConfig deployDirectory
INFO: Deployment of web application directory D:\Nina\apache-tomcat-7.0.73\webapps\docs has finished in 1,458 ms
jan 27, 2017 7:53:18 AM org.apache.catalina.startup.HostConfig deployDirectory
INFO: Deploying web application directory D:\Nina\apache-tomcat-7.0.73\webapps\examples
jan 27, 2017 7:53:19 AM org.apache.catalina.startup.HostConfig deployDirectory
INFO: Deployment of web application directory D:\Nina\apache-tomcat-7.0.73\webapps\examples has finished in 1,103 ms
jan 27, 2017 7:53:19 AM org.apache.catalina.startup.HostConfig deployDirectory
INFO: Deploying web application directory D:\Nina\apache-tomcat-7.0.73\webapps\host-manager
jan 27, 2017 7:53:20 AM org.apache.catalina.startup.HostConfig deployDirectory
INFO: Deployment of web application directory D:\Nina\apache-tomcat-7.0.73\webapps\host-manager has finished in 211 ms
jan 27, 2017 7:53:20 AM org.apache.catalina.startup.HostConfig deployDirectory
INFO: Deploying web application directory D:\Nina\apache-tomcat-7.0.73\webapps\manager
jan 27, 2017 7:53:20 AM org.apache.catalina.startup.HostConfig deployDirectory
INFO: Deployment of web application directory D:\Nina\apache-tomcat-7.0.73\webapps\manager has finished in 164 ms
jan 27, 2017 7:53:20 AM org.apache.catalina.startup.HostConfig deployDirectory
INFO: Deploying web application directory D:\Nina\apache-tomcat-7.0.73\webapps\ROOT
jan 27, 2017 7:53:20 AM org.apache.catalina.startup.HostConfig deployDirectory
INFO: Deployment of web application directory D:\Nina\apache-tomcat-7.0.73\webapps\ROOT has finished in 155 ms
jan 27, 2017 7:53:20 AM org.apache.coyote.AbstractProtocol start
INFO: Starting ProtocolHandler ["http-bio-8080"]
jan 27, 2017 7:53:20 AM org.apache.coyote.AbstractProtocol start
INFO: Starting ProtocolHandler ["ajp-bio-8009"]
jan 27, 2017 7:53:20 AM org.apache.catalina.startup.Catalina start
INFO: Server startup in 3305 ms
