mar 07, 2017 10:07:12 AM org.apache.catalina.startup.VersionLoggerListener log
INFO: Server version:        Apache Tomcat/7.0.73
mar 07, 2017 10:07:12 AM org.apache.catalina.startup.VersionLoggerListener log
INFO: Server built:          Nov 7 2016 21:27:23 UTC
mar 07, 2017 10:07:12 AM org.apache.catalina.startup.VersionLoggerListener log
INFO: Server number:         7.0.73.0
mar 07, 2017 10:07:12 AM org.apache.catalina.startup.VersionLoggerListener log
INFO: OS Name:               Windows Vista
mar 07, 2017 10:07:12 AM org.apache.catalina.startup.VersionLoggerListener log
INFO: OS Version:            6.0
mar 07, 2017 10:07:12 AM org.apache.catalina.startup.VersionLoggerListener log
INFO: Architecture:          amd64
mar 07, 2017 10:07:12 AM org.apache.catalina.startup.VersionLoggerListener log
INFO: Java Home:             c:\java\jre
mar 07, 2017 10:07:12 AM org.apache.catalina.startup.VersionLoggerListener log
INFO: JVM Version:           1.7.0_10-b18
mar 07, 2017 10:07:12 AM org.apache.catalina.startup.VersionLoggerListener log
INFO: JVM Vendor:            Oracle Corporation
mar 07, 2017 10:07:12 AM org.apache.catalina.startup.VersionLoggerListener log
INFO: CATALINA_BASE:         c:\andy\demo\tomcat
mar 07, 2017 10:07:12 AM org.apache.catalina.startup.VersionLoggerListener log
INFO: CATALINA_HOME:         c:\andy\demo\tomcat
mar 07, 2017 10:07:12 AM org.apache.catalina.startup.VersionLoggerListener log
INFO: Command line argument: -Djdk.tls.ephemeralDHKeySize=2048
mar 07, 2017 10:07:12 AM org.apache.catalina.startup.VersionLoggerListener log
INFO: Command line argument: -Djava.util.logging.config.file=c:\andy\demo\tomcat\conf\logging.properties
mar 07, 2017 10:07:12 AM org.apache.catalina.startup.VersionLoggerListener log
INFO: Command line argument: -Djava.util.logging.manager=org.apache.juli.ClassLoaderLogManager
mar 07, 2017 10:07:12 AM org.apache.catalina.startup.VersionLoggerListener log
INFO: Command line argument: -Djava.endorsed.dirs=c:\andy\demo\tomcat\endorsed
mar 07, 2017 10:07:12 AM org.apache.catalina.startup.VersionLoggerListener log
INFO: Command line argument: -Dcatalina.base=c:\andy\demo\tomcat
mar 07, 2017 10:07:12 AM org.apache.catalina.startup.VersionLoggerListener log
INFO: Command line argument: -Dcatalina.home=c:\andy\demo\tomcat
mar 07, 2017 10:07:12 AM org.apache.catalina.startup.VersionLoggerListener log
INFO: Command line argument: -Djava.io.tmpdir=c:\andy\demo\tomcat\temp
mar 07, 2017 10:07:12 AM org.apache.catalina.core.AprLifecycleListener lifecycleEvent
INFO: The APR based Apache Tomcat Native library which allows optimal performance in production environments was not found on the java.library.path: c:\java\bin;C:\windows\Sun\Java\bin;C:\windows\system32;C:\windows;c:\Java\bin\;C:\Program Files (x86)\Common Files\Intel\Shared Libraries\redist\intel64_win\compiler;C:\Program Files (x86)\Common Files\Intel\Shared Libraries\redist\ia32_win\compiler;C:\ProgramData\Oracle\Java\javapath;C:\Program Files\ImageMagick-6.8.7-Q16;C:\Program Files\Common Files\Microsoft Shared\Windows Live;C:\Program Files (x86)\Common Files\Microsoft Shared\Windows Live;C:\Perl64\site\bin;C:\Perl64\bin;c:\Program Files (x86)\Intel\iCLS Client\;c:\Program Files\Intel\iCLS Client\;c:\Program Files (x86)\AMD APP\bin\x86_64;c:\Program Files (x86)\AMD APP\bin\x86;C:\Windows\system32;C:\Windows;C:\Windows\System32\Wbem;C:\Windows\System32\WindowsPowerShell\v1.0\;c:\Program Files (x86)\ATI Technologies\ATI.ACE\Core-Static;C:\Program Files\Intel\WiFi\bin\;C:\Program Files\Common Files\Intel\WirelessCommon\;C:\Program Files (x86)\Windows Live\Shared;C:\Program Files\MiKTeX 2.9\miktex\bin\x64\;C:\Program Files\Microsoft SQL Server\110\Tools\Binn\;C:\Program Files (x86)\IVI Foundation\VISA\WinNT\Bin;C:\Program Files\IVI Foundation\VISA\Win64\Bin\;C:\Program Files (x86)\IVI Foundation\VISA\WinNT\Bin\;C:\Program Files\cvsnt;C:\Program Files\doxygen\bin;C:\Program Files (x86)\Skype\Phone\;C:\Program Files (x86)\PDFtk\bin\;C:\tesseract;c:\cygwin\bin;c:\opencv31\install\x86\vc10\bin;c:\VTK-7.0.0\install\bin;m:\_Output\bin\;c:\Program Files (x86)\robotology\yarp-2.3.66\bin;c:\pthreads-w32\Pre-built.2\dll\x86;c:\Program Files (x86)\robotology\ACE-6.2.7_v10_x86\bin;C:\Program Files\Common Files\Autodesk Shared\;C:\Program Files (x86)\Autodesk\Backburner\;.
mar 07, 2017 10:07:14 AM org.apache.coyote.AbstractProtocol init
INFO: Initializing ProtocolHandler ["http-bio-8080"]
mar 07, 2017 10:07:14 AM org.apache.coyote.AbstractProtocol init
INFO: Initializing ProtocolHandler ["ajp-bio-8009"]
mar 07, 2017 10:07:14 AM org.apache.catalina.startup.Catalina load
INFO: Initialization processed in 4102 ms
mar 07, 2017 10:07:14 AM org.apache.catalina.core.StandardService startInternal
INFO: Starting service Catalina
mar 07, 2017 10:07:14 AM org.apache.catalina.core.StandardEngine startInternal
INFO: Starting Servlet Engine: Apache Tomcat/7.0.73
mar 07, 2017 10:07:14 AM org.apache.catalina.startup.HostConfig deployDirectory
INFO: Deploying web application directory C:\andy\demo\tomcat\webapps\docs
mar 07, 2017 10:07:16 AM org.apache.catalina.util.SessionIdGeneratorBase createSecureRandom
INFO: Creation of SecureRandom instance for session ID generation using [SHA1PRNG] took [235] milliseconds.
mar 07, 2017 10:07:16 AM org.apache.catalina.startup.HostConfig deployDirectory
INFO: Deployment of web application directory C:\andy\demo\tomcat\webapps\docs has finished in 1,842 ms
mar 07, 2017 10:07:16 AM org.apache.catalina.startup.HostConfig deployDirectory
INFO: Deploying web application directory C:\andy\demo\tomcat\webapps\examples
mar 07, 2017 10:07:19 AM org.apache.catalina.startup.HostConfig deployDirectory
INFO: Deployment of web application directory C:\andy\demo\tomcat\webapps\examples has finished in 3,065 ms
mar 07, 2017 10:07:19 AM org.apache.catalina.startup.HostConfig deployDirectory
INFO: Deploying web application directory C:\andy\demo\tomcat\webapps\host-manager
mar 07, 2017 10:07:19 AM org.apache.catalina.startup.HostConfig deployDirectory
INFO: Deployment of web application directory C:\andy\demo\tomcat\webapps\host-manager has finished in 220 ms
mar 07, 2017 10:07:19 AM org.apache.catalina.startup.HostConfig deployDirectory
INFO: Deploying web application directory C:\andy\demo\tomcat\webapps\manager
mar 07, 2017 10:07:19 AM org.apache.catalina.startup.HostConfig deployDirectory
INFO: Deployment of web application directory C:\andy\demo\tomcat\webapps\manager has finished in 126 ms
mar 07, 2017 10:07:19 AM org.apache.catalina.startup.HostConfig deployDirectory
INFO: Deploying web application directory C:\andy\demo\tomcat\webapps\ROOT
mar 07, 2017 10:07:19 AM org.apache.catalina.startup.HostConfig deployDirectory
INFO: Deployment of web application directory C:\andy\demo\tomcat\webapps\ROOT has finished in 197 ms
mar 07, 2017 10:07:19 AM org.apache.coyote.AbstractProtocol start
INFO: Starting ProtocolHandler ["http-bio-8080"]
mar 07, 2017 10:07:20 AM org.apache.coyote.AbstractProtocol start
INFO: Starting ProtocolHandler ["ajp-bio-8009"]
mar 07, 2017 10:07:20 AM org.apache.catalina.startup.Catalina start
INFO: Server startup in 5790 ms
mar 07, 2017 10:19:01 AM org.apache.coyote.AbstractProtocol pause
INFO: Pausing ProtocolHandler ["http-bio-8080"]
