jan 30, 2017 6:23:13 PM org.apache.catalina.startup.VersionLoggerListener log
INFO: Server version:        Apache Tomcat/7.0.73
jan 30, 2017 6:23:13 PM org.apache.catalina.startup.VersionLoggerListener log
INFO: Server built:          Nov 7 2016 21:27:23 UTC
jan 30, 2017 6:23:13 PM org.apache.catalina.startup.VersionLoggerListener log
INFO: Server number:         7.0.73.0
jan 30, 2017 6:23:13 PM org.apache.catalina.startup.VersionLoggerListener log
INFO: OS Name:               Windows 8.1
jan 30, 2017 6:23:13 PM org.apache.catalina.startup.VersionLoggerListener log
INFO: OS Version:            6.3
jan 30, 2017 6:23:13 PM org.apache.catalina.startup.VersionLoggerListener log
INFO: Architecture:          amd64
jan 30, 2017 6:23:13 PM org.apache.catalina.startup.VersionLoggerListener log
INFO: Java Home:             c:\java8\jre
jan 30, 2017 6:23:13 PM org.apache.catalina.startup.VersionLoggerListener log
INFO: JVM Version:           1.8.0_05-b13
jan 30, 2017 6:23:13 PM org.apache.catalina.startup.VersionLoggerListener log
INFO: JVM Vendor:            Oracle Corporation
jan 30, 2017 6:23:13 PM org.apache.catalina.startup.VersionLoggerListener log
INFO: CATALINA_BASE:         d:\Nina\apache-tomcat-7.0.73
jan 30, 2017 6:23:13 PM org.apache.catalina.startup.VersionLoggerListener log
INFO: CATALINA_HOME:         d:\Nina\apache-tomcat-7.0.73
jan 30, 2017 6:23:13 PM org.apache.catalina.startup.VersionLoggerListener log
INFO: Command line argument: -Djdk.tls.ephemeralDHKeySize=2048
jan 30, 2017 6:23:13 PM org.apache.catalina.startup.VersionLoggerListener log
INFO: Command line argument: -Djava.util.logging.config.file=d:\Nina\apache-tomcat-7.0.73\conf\logging.properties
jan 30, 2017 6:23:13 PM org.apache.catalina.startup.VersionLoggerListener log
INFO: Command line argument: -Djava.util.logging.manager=org.apache.juli.ClassLoaderLogManager
jan 30, 2017 6:23:13 PM org.apache.catalina.startup.VersionLoggerListener log
INFO: Command line argument: -Djava.endorsed.dirs=d:\Nina\apache-tomcat-7.0.73\endorsed
jan 30, 2017 6:23:13 PM org.apache.catalina.startup.VersionLoggerListener log
INFO: Command line argument: -Dcatalina.base=d:\Nina\apache-tomcat-7.0.73
jan 30, 2017 6:23:13 PM org.apache.catalina.startup.VersionLoggerListener log
INFO: Command line argument: -Dcatalina.home=d:\Nina\apache-tomcat-7.0.73
jan 30, 2017 6:23:13 PM org.apache.catalina.startup.VersionLoggerListener log
INFO: Command line argument: -Djava.io.tmpdir=d:\Nina\apache-tomcat-7.0.73\temp
jan 30, 2017 6:23:13 PM org.apache.catalina.core.AprLifecycleListener lifecycleEvent
INFO: The APR based Apache Tomcat Native library which allows optimal performance in production environments was not found on the java.library.path: c:\java8\bin;C:\WINDOWS\Sun\Java\bin;C:\WINDOWS\system32;C:\WINDOWS;C:\java8\bin;C:\java8\jre\bin;C:\Program Files (x86)\NVIDIA Corporation\PhysX\Common; C:\Python33\;C:\Perl64\site\bin;C:\Perl64\bin;C:\PROGRA~2\Borland\CBUILD~1\Projects\Bpl;C:\PROGRA~2\Borland\CBUILD~1\Bin;C:\Program Files (x86)\Intel\iCLS Client\;C:\Program Files\Intel\iCLS Client\;C:\windows\system32;C:\windows;C:\windows\System32\Wbem;C:\windows\System32\WindowsPowerShell\v1.0\;C:\Program Files\Intel\Intel(R) Management Engine Components\DAL;C:\Program Files\Intel\Intel(R) Management Engine Components\IPT;C:\Program Files (x86)\Intel\Intel(R) Management Engine Components\DAL;C:\Program Files (x86)\Intel\Intel(R) Management Engine Components\IPT;C:\Program Files\Lenovo\Bluetooth Software\;C:\Program Files\Lenovo\Bluetooth Software\syswow64;C:\Program Files (x86)\MiKTeX 2.9\miktex\bin\;C:\Program Files (x86)\PDFtk\bin\;c:\cygwin\bin;C:\Program Files (x86)\cvsnt;C:\WINDOWS\system32;C:\WINDOWS;C:\WINDOWS\System32\Wbem;C:\WINDOWS\System32\WindowsPowerShell\v1.0\;C:\Program Files\MATLAB\R2014a\runtime\win64;C:\Program Files\MATLAB\R2014a\bin;C:\Program Files\MATLAB\R2014a\polyspace\bin;C:\Program Files (x86)\Windows Live\Shared;C:\Program Files (x86)\Skype\Phone\;;.;;.
jan 30, 2017 6:23:16 PM org.apache.coyote.AbstractProtocol init
INFO: Initializing ProtocolHandler ["http-bio-8080"]
jan 30, 2017 6:23:17 PM org.apache.coyote.AbstractProtocol init
INFO: Initializing ProtocolHandler ["ajp-bio-8009"]
jan 30, 2017 6:23:17 PM org.apache.catalina.startup.Catalina load
INFO: Initialization processed in 9950 ms
jan 30, 2017 6:23:17 PM org.apache.catalina.core.StandardService startInternal
INFO: Starting service Catalina
jan 30, 2017 6:23:17 PM org.apache.catalina.core.StandardEngine startInternal
INFO: Starting Servlet Engine: Apache Tomcat/7.0.73
jan 30, 2017 6:23:17 PM org.apache.catalina.startup.HostConfig deployDirectory
INFO: Deploying web application directory D:\Nina\apache-tomcat-7.0.73\webapps\docs
jan 30, 2017 6:23:18 PM org.apache.catalina.util.SessionIdGeneratorBase createSecureRandom
INFO: Creation of SecureRandom instance for session ID generation using [SHA1PRNG] took [405] milliseconds.
jan 30, 2017 6:23:18 PM org.apache.catalina.startup.HostConfig deployDirectory
INFO: Deployment of web application directory D:\Nina\apache-tomcat-7.0.73\webapps\docs has finished in 1,698 ms
jan 30, 2017 6:23:19 PM org.apache.catalina.startup.HostConfig deployDirectory
INFO: Deploying web application directory D:\Nina\apache-tomcat-7.0.73\webapps\examples
jan 30, 2017 6:23:20 PM org.apache.catalina.startup.HostConfig deployDirectory
INFO: Deployment of web application directory D:\Nina\apache-tomcat-7.0.73\webapps\examples has finished in 1,586 ms
jan 30, 2017 6:23:20 PM org.apache.catalina.startup.HostConfig deployDirectory
INFO: Deploying web application directory D:\Nina\apache-tomcat-7.0.73\webapps\host-manager
jan 30, 2017 6:23:20 PM org.apache.catalina.startup.HostConfig deployDirectory
INFO: Deployment of web application directory D:\Nina\apache-tomcat-7.0.73\webapps\host-manager has finished in 316 ms
jan 30, 2017 6:23:21 PM org.apache.catalina.startup.HostConfig deployDirectory
INFO: Deploying web application directory D:\Nina\apache-tomcat-7.0.73\webapps\manager
jan 30, 2017 6:23:21 PM org.apache.catalina.startup.HostConfig deployDirectory
INFO: Deployment of web application directory D:\Nina\apache-tomcat-7.0.73\webapps\manager has finished in 284 ms
jan 30, 2017 6:23:21 PM org.apache.catalina.startup.HostConfig deployDirectory
INFO: Deploying web application directory D:\Nina\apache-tomcat-7.0.73\webapps\ROOT
jan 30, 2017 6:23:21 PM org.apache.catalina.startup.HostConfig deployDirectory
INFO: Deployment of web application directory D:\Nina\apache-tomcat-7.0.73\webapps\ROOT has finished in 175 ms
jan 30, 2017 6:23:21 PM org.apache.coyote.AbstractProtocol start
INFO: Starting ProtocolHandler ["http-bio-8080"]
jan 30, 2017 6:23:21 PM org.apache.coyote.AbstractProtocol start
INFO: Starting ProtocolHandler ["ajp-bio-8009"]
jan 30, 2017 6:23:21 PM org.apache.catalina.startup.Catalina start
INFO: Server startup in 4474 ms
jan 30, 2017 7:11:13 PM org.apache.catalina.startup.HostConfig reload
INFO: Reloading context []
jan 30, 2017 7:11:13 PM org.apache.catalina.core.StandardContext reload
INFO: Reloading Context with name [] has started
jan 30, 2017 7:11:13 PM org.apache.catalina.core.StandardContext reload
INFO: Reloading Context with name [] is completed
jan 30, 2017 7:11:41 PM org.apache.catalina.startup.VersionLoggerListener log
INFO: Server version:        Apache Tomcat/7.0.73
jan 30, 2017 7:11:41 PM org.apache.catalina.startup.VersionLoggerListener log
INFO: Server built:          Nov 7 2016 21:27:23 UTC
jan 30, 2017 7:11:41 PM org.apache.catalina.startup.VersionLoggerListener log
INFO: Server number:         7.0.73.0
jan 30, 2017 7:11:41 PM org.apache.catalina.startup.VersionLoggerListener log
INFO: OS Name:               Windows 8.1
jan 30, 2017 7:11:41 PM org.apache.catalina.startup.VersionLoggerListener log
INFO: OS Version:            6.3
jan 30, 2017 7:11:41 PM org.apache.catalina.startup.VersionLoggerListener log
INFO: Architecture:          amd64
jan 30, 2017 7:11:41 PM org.apache.catalina.startup.VersionLoggerListener log
INFO: Java Home:             c:\java8\jre
jan 30, 2017 7:11:41 PM org.apache.catalina.startup.VersionLoggerListener log
INFO: JVM Version:           1.8.0_05-b13
jan 30, 2017 7:11:41 PM org.apache.catalina.startup.VersionLoggerListener log
INFO: JVM Vendor:            Oracle Corporation
jan 30, 2017 7:11:41 PM org.apache.catalina.startup.VersionLoggerListener log
INFO: CATALINA_BASE:         d:\Nina\apache-tomcat-7.0.73
jan 30, 2017 7:11:41 PM org.apache.catalina.startup.VersionLoggerListener log
INFO: CATALINA_HOME:         d:\Nina\apache-tomcat-7.0.73
jan 30, 2017 7:11:41 PM org.apache.catalina.startup.VersionLoggerListener log
INFO: Command line argument: -Djdk.tls.ephemeralDHKeySize=2048
jan 30, 2017 7:11:41 PM org.apache.catalina.startup.VersionLoggerListener log
INFO: Command line argument: -Djava.util.logging.config.file=d:\Nina\apache-tomcat-7.0.73\conf\logging.properties
jan 30, 2017 7:11:41 PM org.apache.catalina.startup.VersionLoggerListener log
INFO: Command line argument: -Djava.util.logging.manager=org.apache.juli.ClassLoaderLogManager
jan 30, 2017 7:11:41 PM org.apache.catalina.startup.VersionLoggerListener log
INFO: Command line argument: -Djava.endorsed.dirs=d:\Nina\apache-tomcat-7.0.73\endorsed
jan 30, 2017 7:11:41 PM org.apache.catalina.startup.VersionLoggerListener log
INFO: Command line argument: -Dcatalina.base=d:\Nina\apache-tomcat-7.0.73
jan 30, 2017 7:11:41 PM org.apache.catalina.startup.VersionLoggerListener log
INFO: Command line argument: -Dcatalina.home=d:\Nina\apache-tomcat-7.0.73
jan 30, 2017 7:11:41 PM org.apache.catalina.startup.VersionLoggerListener log
INFO: Command line argument: -Djava.io.tmpdir=d:\Nina\apache-tomcat-7.0.73\temp
jan 30, 2017 7:11:41 PM org.apache.catalina.core.AprLifecycleListener lifecycleEvent
INFO: The APR based Apache Tomcat Native library which allows optimal performance in production environments was not found on the java.library.path: c:\java8\bin;C:\WINDOWS\Sun\Java\bin;C:\WINDOWS\system32;C:\WINDOWS;C:\java8\bin;C:\java8\jre\bin;C:\Program Files (x86)\NVIDIA Corporation\PhysX\Common; C:\Python33\;C:\Perl64\site\bin;C:\Perl64\bin;C:\PROGRA~2\Borland\CBUILD~1\Projects\Bpl;C:\PROGRA~2\Borland\CBUILD~1\Bin;C:\Program Files (x86)\Intel\iCLS Client\;C:\Program Files\Intel\iCLS Client\;C:\windows\system32;C:\windows;C:\windows\System32\Wbem;C:\windows\System32\WindowsPowerShell\v1.0\;C:\Program Files\Intel\Intel(R) Management Engine Components\DAL;C:\Program Files\Intel\Intel(R) Management Engine Components\IPT;C:\Program Files (x86)\Intel\Intel(R) Management Engine Components\DAL;C:\Program Files (x86)\Intel\Intel(R) Management Engine Components\IPT;C:\Program Files\Lenovo\Bluetooth Software\;C:\Program Files\Lenovo\Bluetooth Software\syswow64;C:\Program Files (x86)\MiKTeX 2.9\miktex\bin\;C:\Program Files (x86)\PDFtk\bin\;c:\cygwin\bin;C:\Program Files (x86)\cvsnt;C:\WINDOWS\system32;C:\WINDOWS;C:\WINDOWS\System32\Wbem;C:\WINDOWS\System32\WindowsPowerShell\v1.0\;C:\Program Files\MATLAB\R2014a\runtime\win64;C:\Program Files\MATLAB\R2014a\bin;C:\Program Files\MATLAB\R2014a\polyspace\bin;C:\Program Files (x86)\Windows Live\Shared;C:\Program Files (x86)\Skype\Phone\;;.;;.
jan 30, 2017 7:11:42 PM org.apache.coyote.AbstractProtocol init
INFO: Initializing ProtocolHandler ["http-bio-8080"]
jan 30, 2017 7:11:42 PM org.apache.coyote.AbstractProtocol init
INFO: Initializing ProtocolHandler ["ajp-bio-8009"]
jan 30, 2017 7:11:42 PM org.apache.catalina.startup.Catalina load
INFO: Initialization processed in 2105 ms
jan 30, 2017 7:11:42 PM org.apache.catalina.core.StandardService startInternal
INFO: Starting service Catalina
jan 30, 2017 7:11:42 PM org.apache.catalina.core.StandardEngine startInternal
INFO: Starting Servlet Engine: Apache Tomcat/7.0.73
jan 30, 2017 7:11:42 PM org.apache.catalina.startup.HostConfig deployDirectory
INFO: Deploying web application directory D:\Nina\apache-tomcat-7.0.73\webapps\docs
jan 30, 2017 7:11:43 PM org.apache.catalina.util.SessionIdGeneratorBase createSecureRandom
INFO: Creation of SecureRandom instance for session ID generation using [SHA1PRNG] took [207] milliseconds.
jan 30, 2017 7:11:43 PM org.apache.catalina.startup.HostConfig deployDirectory
INFO: Deployment of web application directory D:\Nina\apache-tomcat-7.0.73\webapps\docs has finished in 972 ms
jan 30, 2017 7:11:43 PM org.apache.catalina.startup.HostConfig deployDirectory
INFO: Deploying web application directory D:\Nina\apache-tomcat-7.0.73\webapps\examples
jan 30, 2017 7:11:44 PM org.apache.catalina.startup.HostConfig deployDirectory
INFO: Deployment of web application directory D:\Nina\apache-tomcat-7.0.73\webapps\examples has finished in 1,015 ms
jan 30, 2017 7:11:44 PM org.apache.catalina.startup.HostConfig deployDirectory
INFO: Deploying web application directory D:\Nina\apache-tomcat-7.0.73\webapps\host-manager
jan 30, 2017 7:11:44 PM org.apache.catalina.startup.HostConfig deployDirectory
INFO: Deployment of web application directory D:\Nina\apache-tomcat-7.0.73\webapps\host-manager has finished in 169 ms
jan 30, 2017 7:11:44 PM org.apache.catalina.startup.HostConfig deployDirectory
INFO: Deploying web application directory D:\Nina\apache-tomcat-7.0.73\webapps\manager
jan 30, 2017 7:11:44 PM org.apache.catalina.startup.HostConfig deployDirectory
INFO: Deployment of web application directory D:\Nina\apache-tomcat-7.0.73\webapps\manager has finished in 173 ms
jan 30, 2017 7:11:44 PM org.apache.catalina.startup.HostConfig deployDirectory
INFO: Deploying web application directory D:\Nina\apache-tomcat-7.0.73\webapps\ROOT
jan 30, 2017 7:11:44 PM org.apache.catalina.startup.HostConfig deployDirectory
INFO: Deployment of web application directory D:\Nina\apache-tomcat-7.0.73\webapps\ROOT has finished in 133 ms
jan 30, 2017 7:11:44 PM org.apache.coyote.AbstractProtocol start
INFO: Starting ProtocolHandler ["http-bio-8080"]
jan 30, 2017 7:11:44 PM org.apache.coyote.AbstractProtocol start
INFO: Starting ProtocolHandler ["ajp-bio-8009"]
jan 30, 2017 7:11:44 PM org.apache.catalina.startup.Catalina start
INFO: Server startup in 2618 ms
jan 30, 2017 7:15:56 PM org.apache.catalina.startup.VersionLoggerListener log
INFO: Server version:        Apache Tomcat/7.0.73
jan 30, 2017 7:15:56 PM org.apache.catalina.startup.VersionLoggerListener log
INFO: Server built:          Nov 7 2016 21:27:23 UTC
jan 30, 2017 7:15:56 PM org.apache.catalina.startup.VersionLoggerListener log
INFO: Server number:         7.0.73.0
jan 30, 2017 7:15:56 PM org.apache.catalina.startup.VersionLoggerListener log
INFO: OS Name:               Windows 8.1
jan 30, 2017 7:15:56 PM org.apache.catalina.startup.VersionLoggerListener log
INFO: OS Version:            6.3
jan 30, 2017 7:15:56 PM org.apache.catalina.startup.VersionLoggerListener log
INFO: Architecture:          amd64
jan 30, 2017 7:15:56 PM org.apache.catalina.startup.VersionLoggerListener log
INFO: Java Home:             c:\java8\jre
jan 30, 2017 7:15:56 PM org.apache.catalina.startup.VersionLoggerListener log
INFO: JVM Version:           1.8.0_05-b13
jan 30, 2017 7:15:56 PM org.apache.catalina.startup.VersionLoggerListener log
INFO: JVM Vendor:            Oracle Corporation
jan 30, 2017 7:15:56 PM org.apache.catalina.startup.VersionLoggerListener log
INFO: CATALINA_BASE:         d:\Nina\apache-tomcat-7.0.73
jan 30, 2017 7:15:56 PM org.apache.catalina.startup.VersionLoggerListener log
INFO: CATALINA_HOME:         d:\Nina\apache-tomcat-7.0.73
jan 30, 2017 7:15:56 PM org.apache.catalina.startup.VersionLoggerListener log
INFO: Command line argument: -Djdk.tls.ephemeralDHKeySize=2048
jan 30, 2017 7:15:56 PM org.apache.catalina.startup.VersionLoggerListener log
INFO: Command line argument: -Djava.util.logging.config.file=d:\Nina\apache-tomcat-7.0.73\conf\logging.properties
jan 30, 2017 7:15:56 PM org.apache.catalina.startup.VersionLoggerListener log
INFO: Command line argument: -Djava.util.logging.manager=org.apache.juli.ClassLoaderLogManager
jan 30, 2017 7:15:56 PM org.apache.catalina.startup.VersionLoggerListener log
INFO: Command line argument: -Djava.endorsed.dirs=d:\Nina\apache-tomcat-7.0.73\endorsed
jan 30, 2017 7:15:56 PM org.apache.catalina.startup.VersionLoggerListener log
INFO: Command line argument: -Dcatalina.base=d:\Nina\apache-tomcat-7.0.73
jan 30, 2017 7:15:56 PM org.apache.catalina.startup.VersionLoggerListener log
INFO: Command line argument: -Dcatalina.home=d:\Nina\apache-tomcat-7.0.73
jan 30, 2017 7:15:56 PM org.apache.catalina.startup.VersionLoggerListener log
INFO: Command line argument: -Djava.io.tmpdir=d:\Nina\apache-tomcat-7.0.73\temp
jan 30, 2017 7:15:56 PM org.apache.catalina.core.AprLifecycleListener lifecycleEvent
INFO: The APR based Apache Tomcat Native library which allows optimal performance in production environments was not found on the java.library.path: c:\java8\bin;C:\WINDOWS\Sun\Java\bin;C:\WINDOWS\system32;C:\WINDOWS;C:\java8\bin;C:\java8\jre\bin;C:\Program Files (x86)\NVIDIA Corporation\PhysX\Common; C:\Python33\;C:\Perl64\site\bin;C:\Perl64\bin;C:\PROGRA~2\Borland\CBUILD~1\Projects\Bpl;C:\PROGRA~2\Borland\CBUILD~1\Bin;C:\Program Files (x86)\Intel\iCLS Client\;C:\Program Files\Intel\iCLS Client\;C:\windows\system32;C:\windows;C:\windows\System32\Wbem;C:\windows\System32\WindowsPowerShell\v1.0\;C:\Program Files\Intel\Intel(R) Management Engine Components\DAL;C:\Program Files\Intel\Intel(R) Management Engine Components\IPT;C:\Program Files (x86)\Intel\Intel(R) Management Engine Components\DAL;C:\Program Files (x86)\Intel\Intel(R) Management Engine Components\IPT;C:\Program Files\Lenovo\Bluetooth Software\;C:\Program Files\Lenovo\Bluetooth Software\syswow64;C:\Program Files (x86)\MiKTeX 2.9\miktex\bin\;C:\Program Files (x86)\PDFtk\bin\;c:\cygwin\bin;C:\Program Files (x86)\cvsnt;C:\WINDOWS\system32;C:\WINDOWS;C:\WINDOWS\System32\Wbem;C:\WINDOWS\System32\WindowsPowerShell\v1.0\;C:\Program Files\MATLAB\R2014a\runtime\win64;C:\Program Files\MATLAB\R2014a\bin;C:\Program Files\MATLAB\R2014a\polyspace\bin;C:\Program Files (x86)\Windows Live\Shared;C:\Program Files (x86)\Skype\Phone\;;.;;.
jan 30, 2017 7:15:56 PM org.apache.coyote.AbstractProtocol init
INFO: Initializing ProtocolHandler ["http-bio-8080"]
jan 30, 2017 7:15:56 PM org.apache.coyote.AbstractProtocol init
SEVERE: Failed to initialize end point associated with ProtocolHandler ["http-bio-8080"]
java.net.BindException: Address already in use: JVM_Bind <null>:8080
	at org.apache.tomcat.util.net.JIoEndpoint.bind(JIoEndpoint.java:413)
	at org.apache.tomcat.util.net.AbstractEndpoint.init(AbstractEndpoint.java:665)
	at org.apache.coyote.AbstractProtocol.init(AbstractProtocol.java:452)
	at org.apache.coyote.http11.AbstractHttp11JsseProtocol.init(AbstractHttp11JsseProtocol.java:119)
	at org.apache.catalina.connector.Connector.initInternal(Connector.java:978)
	at org.apache.catalina.util.LifecycleBase.init(LifecycleBase.java:102)
	at org.apache.catalina.core.StandardService.initInternal(StandardService.java:560)
	at org.apache.catalina.util.LifecycleBase.init(LifecycleBase.java:102)
	at org.apache.catalina.core.StandardServer.initInternal(StandardServer.java:840)
	at org.apache.catalina.util.LifecycleBase.init(LifecycleBase.java:102)
	at org.apache.catalina.startup.Catalina.load(Catalina.java:642)
	at org.apache.catalina.startup.Catalina.load(Catalina.java:667)
	at sun.reflect.NativeMethodAccessorImpl.invoke0(Native Method)
	at sun.reflect.NativeMethodAccessorImpl.invoke(NativeMethodAccessorImpl.java:62)
	at sun.reflect.DelegatingMethodAccessorImpl.invoke(DelegatingMethodAccessorImpl.java:43)
	at java.lang.reflect.Method.invoke(Method.java:483)
	at org.apache.catalina.startup.Bootstrap.load(Bootstrap.java:253)
	at org.apache.catalina.startup.Bootstrap.main(Bootstrap.java:427)
Caused by: java.net.BindException: Address already in use: JVM_Bind
	at java.net.DualStackPlainSocketImpl.bind0(Native Method)
	at java.net.DualStackPlainSocketImpl.socketBind(DualStackPlainSocketImpl.java:106)
	at java.net.AbstractPlainSocketImpl.bind(AbstractPlainSocketImpl.java:382)
	at java.net.PlainSocketImpl.bind(PlainSocketImpl.java:190)
	at java.net.ServerSocket.bind(ServerSocket.java:375)
	at java.net.ServerSocket.<init>(ServerSocket.java:237)
	at java.net.ServerSocket.<init>(ServerSocket.java:181)
	at org.apache.tomcat.util.net.DefaultServerSocketFactory.createSocket(DefaultServerSocketFactory.java:49)
	at org.apache.tomcat.util.net.JIoEndpoint.bind(JIoEndpoint.java:400)
	... 17 more

jan 30, 2017 7:15:56 PM org.apache.catalina.core.StandardService initInternal
SEVERE: Failed to initialize connector [Connector[HTTP/1.1-8080]]
org.apache.catalina.LifecycleException: Failed to initialize component [Connector[HTTP/1.1-8080]]
	at org.apache.catalina.util.LifecycleBase.init(LifecycleBase.java:107)
	at org.apache.catalina.core.StandardService.initInternal(StandardService.java:560)
	at org.apache.catalina.util.LifecycleBase.init(LifecycleBase.java:102)
	at org.apache.catalina.core.StandardServer.initInternal(StandardServer.java:840)
	at org.apache.catalina.util.LifecycleBase.init(LifecycleBase.java:102)
	at org.apache.catalina.startup.Catalina.load(Catalina.java:642)
	at org.apache.catalina.startup.Catalina.load(Catalina.java:667)
	at sun.reflect.NativeMethodAccessorImpl.invoke0(Native Method)
	at sun.reflect.NativeMethodAccessorImpl.invoke(NativeMethodAccessorImpl.java:62)
	at sun.reflect.DelegatingMethodAccessorImpl.invoke(DelegatingMethodAccessorImpl.java:43)
	at java.lang.reflect.Method.invoke(Method.java:483)
	at org.apache.catalina.startup.Bootstrap.load(Bootstrap.java:253)
	at org.apache.catalina.startup.Bootstrap.main(Bootstrap.java:427)
Caused by: org.apache.catalina.LifecycleException: Protocol handler initialization failed
	at org.apache.catalina.connector.Connector.initInternal(Connector.java:980)
	at org.apache.catalina.util.LifecycleBase.init(LifecycleBase.java:102)
	... 12 more
Caused by: java.net.BindException: Address already in use: JVM_Bind <null>:8080
	at org.apache.tomcat.util.net.JIoEndpoint.bind(JIoEndpoint.java:413)
	at org.apache.tomcat.util.net.AbstractEndpoint.init(AbstractEndpoint.java:665)
	at org.apache.coyote.AbstractProtocol.init(AbstractProtocol.java:452)
	at org.apache.coyote.http11.AbstractHttp11JsseProtocol.init(AbstractHttp11JsseProtocol.java:119)
	at org.apache.catalina.connector.Connector.initInternal(Connector.java:978)
	... 13 more
Caused by: java.net.BindException: Address already in use: JVM_Bind
	at java.net.DualStackPlainSocketImpl.bind0(Native Method)
	at java.net.DualStackPlainSocketImpl.socketBind(DualStackPlainSocketImpl.java:106)
	at java.net.AbstractPlainSocketImpl.bind(AbstractPlainSocketImpl.java:382)
	at java.net.PlainSocketImpl.bind(PlainSocketImpl.java:190)
	at java.net.ServerSocket.bind(ServerSocket.java:375)
	at java.net.ServerSocket.<init>(ServerSocket.java:237)
	at java.net.ServerSocket.<init>(ServerSocket.java:181)
	at org.apache.tomcat.util.net.DefaultServerSocketFactory.createSocket(DefaultServerSocketFactory.java:49)
	at org.apache.tomcat.util.net.JIoEndpoint.bind(JIoEndpoint.java:400)
	... 17 more

jan 30, 2017 7:15:56 PM org.apache.coyote.AbstractProtocol init
INFO: Initializing ProtocolHandler ["ajp-bio-8009"]
jan 30, 2017 7:15:56 PM org.apache.coyote.AbstractProtocol init
SEVERE: Failed to initialize end point associated with ProtocolHandler ["ajp-bio-8009"]
java.net.BindException: Address already in use: JVM_Bind <null>:8009
	at org.apache.tomcat.util.net.JIoEndpoint.bind(JIoEndpoint.java:413)
	at org.apache.tomcat.util.net.AbstractEndpoint.init(AbstractEndpoint.java:665)
	at org.apache.coyote.AbstractProtocol.init(AbstractProtocol.java:452)
	at org.apache.catalina.connector.Connector.initInternal(Connector.java:978)
	at org.apache.catalina.util.LifecycleBase.init(LifecycleBase.java:102)
	at org.apache.catalina.core.StandardService.initInternal(StandardService.java:560)
	at org.apache.catalina.util.LifecycleBase.init(LifecycleBase.java:102)
	at org.apache.catalina.core.StandardServer.initInternal(StandardServer.java:840)
	at org.apache.catalina.util.LifecycleBase.init(LifecycleBase.java:102)
	at org.apache.catalina.startup.Catalina.load(Catalina.java:642)
	at org.apache.catalina.startup.Catalina.load(Catalina.java:667)
	at sun.reflect.NativeMethodAccessorImpl.invoke0(Native Method)
	at sun.reflect.NativeMethodAccessorImpl.invoke(NativeMethodAccessorImpl.java:62)
	at sun.reflect.DelegatingMethodAccessorImpl.invoke(DelegatingMethodAccessorImpl.java:43)
	at java.lang.reflect.Method.invoke(Method.java:483)
	at org.apache.catalina.startup.Bootstrap.load(Bootstrap.java:253)
	at org.apache.catalina.startup.Bootstrap.main(Bootstrap.java:427)
Caused by: java.net.BindException: Address already in use: JVM_Bind
	at java.net.DualStackPlainSocketImpl.bind0(Native Method)
	at java.net.DualStackPlainSocketImpl.socketBind(DualStackPlainSocketImpl.java:106)
	at java.net.AbstractPlainSocketImpl.bind(AbstractPlainSocketImpl.java:382)
	at java.net.PlainSocketImpl.bind(PlainSocketImpl.java:190)
	at java.net.ServerSocket.bind(ServerSocket.java:375)
	at java.net.ServerSocket.<init>(ServerSocket.java:237)
	at java.net.ServerSocket.<init>(ServerSocket.java:181)
	at org.apache.tomcat.util.net.DefaultServerSocketFactory.createSocket(DefaultServerSocketFactory.java:49)
	at org.apache.tomcat.util.net.JIoEndpoint.bind(JIoEndpoint.java:400)
	... 16 more

jan 30, 2017 7:15:56 PM org.apache.catalina.core.StandardService initInternal
SEVERE: Failed to initialize connector [Connector[AJP/1.3-8009]]
org.apache.catalina.LifecycleException: Failed to initialize component [Connector[AJP/1.3-8009]]
	at org.apache.catalina.util.LifecycleBase.init(LifecycleBase.java:107)
	at org.apache.catalina.core.StandardService.initInternal(StandardService.java:560)
	at org.apache.catalina.util.LifecycleBase.init(LifecycleBase.java:102)
	at org.apache.catalina.core.StandardServer.initInternal(StandardServer.java:840)
	at org.apache.catalina.util.LifecycleBase.init(LifecycleBase.java:102)
	at org.apache.catalina.startup.Catalina.load(Catalina.java:642)
	at org.apache.catalina.startup.Catalina.load(Catalina.java:667)
	at sun.reflect.NativeMethodAccessorImpl.invoke0(Native Method)
	at sun.reflect.NativeMethodAccessorImpl.invoke(NativeMethodAccessorImpl.java:62)
	at sun.reflect.DelegatingMethodAccessorImpl.invoke(DelegatingMethodAccessorImpl.java:43)
	at java.lang.reflect.Method.invoke(Method.java:483)
	at org.apache.catalina.startup.Bootstrap.load(Bootstrap.java:253)
	at org.apache.catalina.startup.Bootstrap.main(Bootstrap.java:427)
Caused by: org.apache.catalina.LifecycleException: Protocol handler initialization failed
	at org.apache.catalina.connector.Connector.initInternal(Connector.java:980)
	at org.apache.catalina.util.LifecycleBase.init(LifecycleBase.java:102)
	... 12 more
Caused by: java.net.BindException: Address already in use: JVM_Bind <null>:8009
	at org.apache.tomcat.util.net.JIoEndpoint.bind(JIoEndpoint.java:413)
	at org.apache.tomcat.util.net.AbstractEndpoint.init(AbstractEndpoint.java:665)
	at org.apache.coyote.AbstractProtocol.init(AbstractProtocol.java:452)
	at org.apache.catalina.connector.Connector.initInternal(Connector.java:978)
	... 13 more
Caused by: java.net.BindException: Address already in use: JVM_Bind
	at java.net.DualStackPlainSocketImpl.bind0(Native Method)
	at java.net.DualStackPlainSocketImpl.socketBind(DualStackPlainSocketImpl.java:106)
	at java.net.AbstractPlainSocketImpl.bind(AbstractPlainSocketImpl.java:382)
	at java.net.PlainSocketImpl.bind(PlainSocketImpl.java:190)
	at java.net.ServerSocket.bind(ServerSocket.java:375)
	at java.net.ServerSocket.<init>(ServerSocket.java:237)
	at java.net.ServerSocket.<init>(ServerSocket.java:181)
	at org.apache.tomcat.util.net.DefaultServerSocketFactory.createSocket(DefaultServerSocketFactory.java:49)
	at org.apache.tomcat.util.net.JIoEndpoint.bind(JIoEndpoint.java:400)
	... 16 more

jan 30, 2017 7:15:56 PM org.apache.catalina.startup.Catalina load
INFO: Initialization processed in 1920 ms
jan 30, 2017 7:15:56 PM org.apache.catalina.core.StandardService startInternal
INFO: Starting service Catalina
jan 30, 2017 7:15:56 PM org.apache.catalina.core.StandardEngine startInternal
INFO: Starting Servlet Engine: Apache Tomcat/7.0.73
jan 30, 2017 7:15:56 PM org.apache.catalina.startup.HostConfig deployDirectory
INFO: Deploying web application directory D:\Nina\apache-tomcat-7.0.73\webapps\docs
jan 30, 2017 7:15:57 PM org.apache.catalina.util.SessionIdGeneratorBase createSecureRandom
INFO: Creation of SecureRandom instance for session ID generation using [SHA1PRNG] took [193] milliseconds.
jan 30, 2017 7:15:57 PM org.apache.catalina.startup.HostConfig deployDirectory
INFO: Deployment of web application directory D:\Nina\apache-tomcat-7.0.73\webapps\docs has finished in 980 ms
jan 30, 2017 7:15:57 PM org.apache.catalina.startup.HostConfig deployDirectory
INFO: Deploying web application directory D:\Nina\apache-tomcat-7.0.73\webapps\examples
jan 30, 2017 7:15:58 PM org.apache.catalina.startup.HostConfig deployDirectory
INFO: Deployment of web application directory D:\Nina\apache-tomcat-7.0.73\webapps\examples has finished in 925 ms
jan 30, 2017 7:15:58 PM org.apache.catalina.startup.HostConfig deployDirectory
INFO: Deploying web application directory D:\Nina\apache-tomcat-7.0.73\webapps\host-manager
jan 30, 2017 7:15:59 PM org.apache.catalina.startup.HostConfig deployDirectory
INFO: Deployment of web application directory D:\Nina\apache-tomcat-7.0.73\webapps\host-manager has finished in 221 ms
jan 30, 2017 7:15:59 PM org.apache.catalina.startup.HostConfig deployDirectory
INFO: Deploying web application directory D:\Nina\apache-tomcat-7.0.73\webapps\manager
jan 30, 2017 7:15:59 PM org.apache.catalina.startup.HostConfig deployDirectory
INFO: Deployment of web application directory D:\Nina\apache-tomcat-7.0.73\webapps\manager has finished in 159 ms
jan 30, 2017 7:15:59 PM org.apache.catalina.startup.HostConfig deployDirectory
INFO: Deploying web application directory D:\Nina\apache-tomcat-7.0.73\webapps\ROOT
jan 30, 2017 7:15:59 PM org.apache.catalina.startup.HostConfig deployDirectory
INFO: Deployment of web application directory D:\Nina\apache-tomcat-7.0.73\webapps\ROOT has finished in 148 ms
jan 30, 2017 7:15:59 PM org.apache.catalina.startup.Catalina start
INFO: Server startup in 2586 ms
jan 30, 2017 7:15:59 PM org.apache.catalina.core.StandardServer await
SEVERE: StandardServer.await: create[localhost:8005]: 
java.net.BindException: Address already in use: JVM_Bind
	at java.net.DualStackPlainSocketImpl.bind0(Native Method)
	at java.net.DualStackPlainSocketImpl.socketBind(DualStackPlainSocketImpl.java:106)
	at java.net.AbstractPlainSocketImpl.bind(AbstractPlainSocketImpl.java:382)
	at java.net.PlainSocketImpl.bind(PlainSocketImpl.java:190)
	at java.net.ServerSocket.bind(ServerSocket.java:375)
	at java.net.ServerSocket.<init>(ServerSocket.java:237)
	at org.apache.catalina.core.StandardServer.await(StandardServer.java:444)
	at org.apache.catalina.startup.Catalina.await(Catalina.java:781)
	at org.apache.catalina.startup.Catalina.start(Catalina.java:727)
	at sun.reflect.NativeMethodAccessorImpl.invoke0(Native Method)
	at sun.reflect.NativeMethodAccessorImpl.invoke(NativeMethodAccessorImpl.java:62)
	at sun.reflect.DelegatingMethodAccessorImpl.invoke(DelegatingMethodAccessorImpl.java:43)
	at java.lang.reflect.Method.invoke(Method.java:483)
	at org.apache.catalina.startup.Bootstrap.start(Bootstrap.java:294)
	at org.apache.catalina.startup.Bootstrap.main(Bootstrap.java:428)

jan 30, 2017 7:15:59 PM org.apache.coyote.AbstractProtocol pause
INFO: Pausing ProtocolHandler ["http-bio-8080"]
jan 30, 2017 7:15:59 PM org.apache.coyote.AbstractProtocol pause
INFO: Pausing ProtocolHandler ["ajp-bio-8009"]
jan 30, 2017 7:15:59 PM org.apache.catalina.core.StandardService stopInternal
INFO: Stopping service Catalina
jan 30, 2017 7:15:59 PM org.apache.coyote.AbstractProtocol stop
INFO: Stopping ProtocolHandler ["http-bio-8080"]
jan 30, 2017 7:15:59 PM org.apache.coyote.AbstractProtocol destroy
INFO: Destroying ProtocolHandler ["http-bio-8080"]
jan 30, 2017 7:15:59 PM org.apache.coyote.AbstractProtocol stop
INFO: Stopping ProtocolHandler ["ajp-bio-8009"]
jan 30, 2017 7:15:59 PM org.apache.coyote.AbstractProtocol destroy
INFO: Destroying ProtocolHandler ["ajp-bio-8009"]
jan 30, 2017 7:22:27 PM org.apache.catalina.startup.VersionLoggerListener log
INFO: Server version:        Apache Tomcat/7.0.73
jan 30, 2017 7:22:28 PM org.apache.catalina.startup.VersionLoggerListener log
INFO: Server built:          Nov 7 2016 21:27:23 UTC
jan 30, 2017 7:22:28 PM org.apache.catalina.startup.VersionLoggerListener log
INFO: Server number:         7.0.73.0
jan 30, 2017 7:22:28 PM org.apache.catalina.startup.VersionLoggerListener log
INFO: OS Name:               Windows 8.1
jan 30, 2017 7:22:28 PM org.apache.catalina.startup.VersionLoggerListener log
INFO: OS Version:            6.3
jan 30, 2017 7:22:28 PM org.apache.catalina.startup.VersionLoggerListener log
INFO: Architecture:          amd64
jan 30, 2017 7:22:28 PM org.apache.catalina.startup.VersionLoggerListener log
INFO: Java Home:             c:\java8\jre
jan 30, 2017 7:22:28 PM org.apache.catalina.startup.VersionLoggerListener log
INFO: JVM Version:           1.8.0_05-b13
jan 30, 2017 7:22:28 PM org.apache.catalina.startup.VersionLoggerListener log
INFO: JVM Vendor:            Oracle Corporation
jan 30, 2017 7:22:28 PM org.apache.catalina.startup.VersionLoggerListener log
INFO: CATALINA_BASE:         d:\Nina\apache-tomcat-7.0.73
jan 30, 2017 7:22:28 PM org.apache.catalina.startup.VersionLoggerListener log
INFO: CATALINA_HOME:         d:\Nina\apache-tomcat-7.0.73
jan 30, 2017 7:22:28 PM org.apache.catalina.startup.VersionLoggerListener log
INFO: Command line argument: -Djdk.tls.ephemeralDHKeySize=2048
jan 30, 2017 7:22:28 PM org.apache.catalina.startup.VersionLoggerListener log
INFO: Command line argument: -Djava.util.logging.config.file=d:\Nina\apache-tomcat-7.0.73\conf\logging.properties
jan 30, 2017 7:22:28 PM org.apache.catalina.startup.VersionLoggerListener log
INFO: Command line argument: -Djava.util.logging.manager=org.apache.juli.ClassLoaderLogManager
jan 30, 2017 7:22:28 PM org.apache.catalina.startup.VersionLoggerListener log
INFO: Command line argument: -Djava.endorsed.dirs=d:\Nina\apache-tomcat-7.0.73\endorsed
jan 30, 2017 7:22:28 PM org.apache.catalina.startup.VersionLoggerListener log
INFO: Command line argument: -Dcatalina.base=d:\Nina\apache-tomcat-7.0.73
jan 30, 2017 7:22:28 PM org.apache.catalina.startup.VersionLoggerListener log
INFO: Command line argument: -Dcatalina.home=d:\Nina\apache-tomcat-7.0.73
jan 30, 2017 7:22:28 PM org.apache.catalina.startup.VersionLoggerListener log
INFO: Command line argument: -Djava.io.tmpdir=d:\Nina\apache-tomcat-7.0.73\temp
jan 30, 2017 7:22:28 PM org.apache.catalina.core.AprLifecycleListener lifecycleEvent
INFO: The APR based Apache Tomcat Native library which allows optimal performance in production environments was not found on the java.library.path: c:\java8\bin;C:\WINDOWS\Sun\Java\bin;C:\WINDOWS\system32;C:\WINDOWS;C:\java8\bin;C:\java8\jre\bin;C:\Program Files (x86)\NVIDIA Corporation\PhysX\Common; C:\Python33\;C:\Perl64\site\bin;C:\Perl64\bin;C:\PROGRA~2\Borland\CBUILD~1\Projects\Bpl;C:\PROGRA~2\Borland\CBUILD~1\Bin;C:\Program Files (x86)\Intel\iCLS Client\;C:\Program Files\Intel\iCLS Client\;C:\windows\system32;C:\windows;C:\windows\System32\Wbem;C:\windows\System32\WindowsPowerShell\v1.0\;C:\Program Files\Intel\Intel(R) Management Engine Components\DAL;C:\Program Files\Intel\Intel(R) Management Engine Components\IPT;C:\Program Files (x86)\Intel\Intel(R) Management Engine Components\DAL;C:\Program Files (x86)\Intel\Intel(R) Management Engine Components\IPT;C:\Program Files\Lenovo\Bluetooth Software\;C:\Program Files\Lenovo\Bluetooth Software\syswow64;C:\Program Files (x86)\MiKTeX 2.9\miktex\bin\;C:\Program Files (x86)\PDFtk\bin\;c:\cygwin\bin;C:\Program Files (x86)\cvsnt;C:\WINDOWS\system32;C:\WINDOWS;C:\WINDOWS\System32\Wbem;C:\WINDOWS\System32\WindowsPowerShell\v1.0\;C:\Program Files\MATLAB\R2014a\runtime\win64;C:\Program Files\MATLAB\R2014a\bin;C:\Program Files\MATLAB\R2014a\polyspace\bin;C:\Program Files (x86)\Windows Live\Shared;C:\Program Files (x86)\Skype\Phone\;;.;;.
jan 30, 2017 7:22:28 PM org.apache.coyote.AbstractProtocol init
INFO: Initializing ProtocolHandler ["http-bio-8080"]
jan 30, 2017 7:22:28 PM org.apache.coyote.AbstractProtocol init
INFO: Initializing ProtocolHandler ["ajp-bio-8009"]
jan 30, 2017 7:22:28 PM org.apache.catalina.startup.Catalina load
INFO: Initialization processed in 1866 ms
jan 30, 2017 7:22:28 PM org.apache.catalina.core.StandardService startInternal
INFO: Starting service Catalina
jan 30, 2017 7:22:28 PM org.apache.catalina.core.StandardEngine startInternal
INFO: Starting Servlet Engine: Apache Tomcat/7.0.73
jan 30, 2017 7:22:28 PM org.apache.catalina.startup.HostConfig deployDirectory
INFO: Deploying web application directory D:\Nina\apache-tomcat-7.0.73\webapps\docs
jan 30, 2017 7:22:29 PM org.apache.catalina.util.SessionIdGeneratorBase createSecureRandom
INFO: Creation of SecureRandom instance for session ID generation using [SHA1PRNG] took [151] milliseconds.
jan 30, 2017 7:22:29 PM org.apache.catalina.startup.HostConfig deployDirectory
INFO: Deployment of web application directory D:\Nina\apache-tomcat-7.0.73\webapps\docs has finished in 820 ms
jan 30, 2017 7:22:29 PM org.apache.catalina.startup.HostConfig deployDirectory
INFO: Deploying web application directory D:\Nina\apache-tomcat-7.0.73\webapps\examples
jan 30, 2017 7:22:30 PM org.apache.catalina.startup.HostConfig deployDirectory
INFO: Deployment of web application directory D:\Nina\apache-tomcat-7.0.73\webapps\examples has finished in 1,003 ms
jan 30, 2017 7:22:30 PM org.apache.catalina.startup.HostConfig deployDirectory
INFO: Deploying web application directory D:\Nina\apache-tomcat-7.0.73\webapps\host-manager
jan 30, 2017 7:22:30 PM org.apache.catalina.startup.HostConfig deployDirectory
INFO: Deployment of web application directory D:\Nina\apache-tomcat-7.0.73\webapps\host-manager has finished in 153 ms
jan 30, 2017 7:22:30 PM org.apache.catalina.startup.HostConfig deployDirectory
INFO: Deploying web application directory D:\Nina\apache-tomcat-7.0.73\webapps\manager
jan 30, 2017 7:22:30 PM org.apache.catalina.startup.HostConfig deployDirectory
INFO: Deployment of web application directory D:\Nina\apache-tomcat-7.0.73\webapps\manager has finished in 138 ms
jan 30, 2017 7:22:30 PM org.apache.catalina.startup.HostConfig deployDirectory
INFO: Deploying web application directory D:\Nina\apache-tomcat-7.0.73\webapps\ROOT
jan 30, 2017 7:22:30 PM org.apache.catalina.startup.HostConfig deployDirectory
INFO: Deployment of web application directory D:\Nina\apache-tomcat-7.0.73\webapps\ROOT has finished in 155 ms
jan 30, 2017 7:22:30 PM org.apache.coyote.AbstractProtocol start
INFO: Starting ProtocolHandler ["http-bio-8080"]
jan 30, 2017 7:22:30 PM org.apache.coyote.AbstractProtocol start
INFO: Starting ProtocolHandler ["ajp-bio-8009"]
jan 30, 2017 7:22:30 PM org.apache.catalina.startup.Catalina start
INFO: Server startup in 2381 ms
jan 30, 2017 7:30:01 PM org.apache.catalina.startup.HostConfig reload
INFO: Reloading context []
jan 30, 2017 7:30:01 PM org.apache.catalina.core.StandardContext reload
INFO: Reloading Context with name [] has started
jan 30, 2017 7:30:01 PM org.apache.tomcat.util.digester.Digester fatalError
SEVERE: Parse Fatal Error at line 20 column 2: The markup in the document following the root element must be well-formed.
org.xml.sax.SAXParseException; systemId: jndi:/localhost/WEB-INF/web.xml; lineNumber: 20; columnNumber: 2; The markup in the document following the root element must be well-formed.
	at com.sun.org.apache.xerces.internal.util.ErrorHandlerWrapper.createSAXParseException(ErrorHandlerWrapper.java:203)
	at com.sun.org.apache.xerces.internal.util.ErrorHandlerWrapper.fatalError(ErrorHandlerWrapper.java:177)
	at com.sun.org.apache.xerces.internal.impl.XMLErrorReporter.reportError(XMLErrorReporter.java:441)
	at com.sun.org.apache.xerces.internal.impl.XMLErrorReporter.reportError(XMLErrorReporter.java:368)
	at com.sun.org.apache.xerces.internal.impl.XMLScanner.reportFatalError(XMLScanner.java:1436)
	at com.sun.org.apache.xerces.internal.impl.XMLDocumentScannerImpl$TrailingMiscDriver.next(XMLDocumentScannerImpl.java:1397)
	at com.sun.org.apache.xerces.internal.impl.XMLDocumentScannerImpl.next(XMLDocumentScannerImpl.java:606)
	at com.sun.org.apache.xerces.internal.impl.XMLDocumentFragmentScannerImpl.scanDocument(XMLDocumentFragmentScannerImpl.java:510)
	at com.sun.org.apache.xerces.internal.parsers.XML11Configuration.parse(XML11Configuration.java:848)
	at com.sun.org.apache.xerces.internal.parsers.XML11Configuration.parse(XML11Configuration.java:777)
	at com.sun.org.apache.xerces.internal.parsers.XMLParser.parse(XMLParser.java:141)
	at com.sun.org.apache.xerces.internal.parsers.AbstractSAXParser.parse(AbstractSAXParser.java:1213)
	at com.sun.org.apache.xerces.internal.jaxp.SAXParserImpl$JAXPSAXParser.parse(SAXParserImpl.java:649)
	at org.apache.tomcat.util.digester.Digester.parse(Digester.java:1576)
	at org.apache.catalina.startup.ContextConfig.parseWebXml(ContextConfig.java:1862)
	at org.apache.catalina.startup.ContextConfig.webConfig(ContextConfig.java:1262)
	at org.apache.catalina.startup.ContextConfig.configureStart(ContextConfig.java:888)
	at org.apache.catalina.startup.ContextConfig.lifecycleEvent(ContextConfig.java:388)
	at org.apache.catalina.util.LifecycleSupport.fireLifecycleEvent(LifecycleSupport.java:117)
	at org.apache.catalina.util.LifecycleBase.fireLifecycleEvent(LifecycleBase.java:90)
	at org.apache.catalina.core.StandardContext.startInternal(StandardContext.java:5522)
	at org.apache.catalina.util.LifecycleBase.start(LifecycleBase.java:145)
	at org.apache.catalina.core.StandardContext.reload(StandardContext.java:4138)
	at org.apache.catalina.startup.HostConfig.reload(HostConfig.java:1539)
	at org.apache.catalina.startup.HostConfig.checkResources(HostConfig.java:1512)
	at org.apache.catalina.startup.HostConfig.check(HostConfig.java:1748)
	at org.apache.catalina.startup.HostConfig.lifecycleEvent(HostConfig.java:333)
	at org.apache.catalina.util.LifecycleSupport.fireLifecycleEvent(LifecycleSupport.java:117)
	at org.apache.catalina.util.LifecycleBase.fireLifecycleEvent(LifecycleBase.java:90)
	at org.apache.catalina.core.ContainerBase.backgroundProcess(ContainerBase.java:1370)
	at org.apache.catalina.core.ContainerBase$ContainerBackgroundProcessor.processChildren(ContainerBase.java:1542)
	at org.apache.catalina.core.ContainerBase$ContainerBackgroundProcessor.processChildren(ContainerBase.java:1552)
	at org.apache.catalina.core.ContainerBase$ContainerBackgroundProcessor.run(ContainerBase.java:1520)
	at java.lang.Thread.run(Thread.java:745)

jan 30, 2017 7:30:01 PM org.apache.catalina.startup.ContextConfig parseWebXml
SEVERE: Parse error in application web.xml file at jndi:/localhost/WEB-INF/web.xml
org.xml.sax.SAXParseException; systemId: jndi:/localhost/WEB-INF/web.xml; lineNumber: 20; columnNumber: 2; The markup in the document following the root element must be well-formed.
	at com.sun.org.apache.xerces.internal.util.ErrorHandlerWrapper.createSAXParseException(ErrorHandlerWrapper.java:203)
	at com.sun.org.apache.xerces.internal.util.ErrorHandlerWrapper.fatalError(ErrorHandlerWrapper.java:177)
	at com.sun.org.apache.xerces.internal.impl.XMLErrorReporter.reportError(XMLErrorReporter.java:441)
	at com.sun.org.apache.xerces.internal.impl.XMLErrorReporter.reportError(XMLErrorReporter.java:368)
	at com.sun.org.apache.xerces.internal.impl.XMLScanner.reportFatalError(XMLScanner.java:1436)
	at com.sun.org.apache.xerces.internal.impl.XMLDocumentScannerImpl$TrailingMiscDriver.next(XMLDocumentScannerImpl.java:1397)
	at com.sun.org.apache.xerces.internal.impl.XMLDocumentScannerImpl.next(XMLDocumentScannerImpl.java:606)
	at com.sun.org.apache.xerces.internal.impl.XMLDocumentFragmentScannerImpl.scanDocument(XMLDocumentFragmentScannerImpl.java:510)
	at com.sun.org.apache.xerces.internal.parsers.XML11Configuration.parse(XML11Configuration.java:848)
	at com.sun.org.apache.xerces.internal.parsers.XML11Configuration.parse(XML11Configuration.java:777)
	at com.sun.org.apache.xerces.internal.parsers.XMLParser.parse(XMLParser.java:141)
	at com.sun.org.apache.xerces.internal.parsers.AbstractSAXParser.parse(AbstractSAXParser.java:1213)
	at com.sun.org.apache.xerces.internal.jaxp.SAXParserImpl$JAXPSAXParser.parse(SAXParserImpl.java:649)
	at org.apache.tomcat.util.digester.Digester.parse(Digester.java:1576)
	at org.apache.catalina.startup.ContextConfig.parseWebXml(ContextConfig.java:1862)
	at org.apache.catalina.startup.ContextConfig.webConfig(ContextConfig.java:1262)
	at org.apache.catalina.startup.ContextConfig.configureStart(ContextConfig.java:888)
	at org.apache.catalina.startup.ContextConfig.lifecycleEvent(ContextConfig.java:388)
	at org.apache.catalina.util.LifecycleSupport.fireLifecycleEvent(LifecycleSupport.java:117)
	at org.apache.catalina.util.LifecycleBase.fireLifecycleEvent(LifecycleBase.java:90)
	at org.apache.catalina.core.StandardContext.startInternal(StandardContext.java:5522)
	at org.apache.catalina.util.LifecycleBase.start(LifecycleBase.java:145)
	at org.apache.catalina.core.StandardContext.reload(StandardContext.java:4138)
	at org.apache.catalina.startup.HostConfig.reload(HostConfig.java:1539)
	at org.apache.catalina.startup.HostConfig.checkResources(HostConfig.java:1512)
	at org.apache.catalina.startup.HostConfig.check(HostConfig.java:1748)
	at org.apache.catalina.startup.HostConfig.lifecycleEvent(HostConfig.java:333)
	at org.apache.catalina.util.LifecycleSupport.fireLifecycleEvent(LifecycleSupport.java:117)
	at org.apache.catalina.util.LifecycleBase.fireLifecycleEvent(LifecycleBase.java:90)
	at org.apache.catalina.core.ContainerBase.backgroundProcess(ContainerBase.java:1370)
	at org.apache.catalina.core.ContainerBase$ContainerBackgroundProcessor.processChildren(ContainerBase.java:1542)
	at org.apache.catalina.core.ContainerBase$ContainerBackgroundProcessor.processChildren(ContainerBase.java:1552)
	at org.apache.catalina.core.ContainerBase$ContainerBackgroundProcessor.run(ContainerBase.java:1520)
	at java.lang.Thread.run(Thread.java:745)

jan 30, 2017 7:30:01 PM org.apache.catalina.startup.ContextConfig parseWebXml
SEVERE: Occurred at line 20 column 2
jan 30, 2017 7:30:01 PM org.apache.catalina.startup.ContextConfig configureStart
SEVERE: Marking this application unavailable due to previous error(s)
jan 30, 2017 7:30:01 PM org.apache.catalina.core.StandardContext startInternal
SEVERE: One or more components marked the context as not correctly configured
jan 30, 2017 7:30:01 PM org.apache.catalina.core.StandardContext startInternal
SEVERE: Context [] startup failed due to previous errors
jan 30, 2017 7:30:01 PM org.apache.catalina.core.StandardContext reload
INFO: Reloading Context with name [] is completed
jan 30, 2017 7:30:22 PM org.apache.catalina.startup.VersionLoggerListener log
INFO: Server version:        Apache Tomcat/7.0.73
jan 30, 2017 7:30:22 PM org.apache.catalina.startup.VersionLoggerListener log
INFO: Server built:          Nov 7 2016 21:27:23 UTC
jan 30, 2017 7:30:22 PM org.apache.catalina.startup.VersionLoggerListener log
INFO: Server number:         7.0.73.0
jan 30, 2017 7:30:22 PM org.apache.catalina.startup.VersionLoggerListener log
INFO: OS Name:               Windows 8.1
jan 30, 2017 7:30:22 PM org.apache.catalina.startup.VersionLoggerListener log
INFO: OS Version:            6.3
jan 30, 2017 7:30:22 PM org.apache.catalina.startup.VersionLoggerListener log
INFO: Architecture:          amd64
jan 30, 2017 7:30:22 PM org.apache.catalina.startup.VersionLoggerListener log
INFO: Java Home:             c:\java8\jre
jan 30, 2017 7:30:22 PM org.apache.catalina.startup.VersionLoggerListener log
INFO: JVM Version:           1.8.0_05-b13
jan 30, 2017 7:30:22 PM org.apache.catalina.startup.VersionLoggerListener log
INFO: JVM Vendor:            Oracle Corporation
jan 30, 2017 7:30:22 PM org.apache.catalina.startup.VersionLoggerListener log
INFO: CATALINA_BASE:         d:\Nina\apache-tomcat-7.0.73
jan 30, 2017 7:30:22 PM org.apache.catalina.startup.VersionLoggerListener log
INFO: CATALINA_HOME:         d:\Nina\apache-tomcat-7.0.73
jan 30, 2017 7:30:22 PM org.apache.catalina.startup.VersionLoggerListener log
INFO: Command line argument: -Djdk.tls.ephemeralDHKeySize=2048
jan 30, 2017 7:30:22 PM org.apache.catalina.startup.VersionLoggerListener log
INFO: Command line argument: -Djava.util.logging.config.file=d:\Nina\apache-tomcat-7.0.73\conf\logging.properties
jan 30, 2017 7:30:22 PM org.apache.catalina.startup.VersionLoggerListener log
INFO: Command line argument: -Djava.util.logging.manager=org.apache.juli.ClassLoaderLogManager
jan 30, 2017 7:30:22 PM org.apache.catalina.startup.VersionLoggerListener log
INFO: Command line argument: -Djava.endorsed.dirs=d:\Nina\apache-tomcat-7.0.73\endorsed
jan 30, 2017 7:30:22 PM org.apache.catalina.startup.VersionLoggerListener log
INFO: Command line argument: -Dcatalina.base=d:\Nina\apache-tomcat-7.0.73
jan 30, 2017 7:30:22 PM org.apache.catalina.startup.VersionLoggerListener log
INFO: Command line argument: -Dcatalina.home=d:\Nina\apache-tomcat-7.0.73
jan 30, 2017 7:30:22 PM org.apache.catalina.startup.VersionLoggerListener log
INFO: Command line argument: -Djava.io.tmpdir=d:\Nina\apache-tomcat-7.0.73\temp
jan 30, 2017 7:30:22 PM org.apache.catalina.core.AprLifecycleListener lifecycleEvent
INFO: The APR based Apache Tomcat Native library which allows optimal performance in production environments was not found on the java.library.path: c:\java8\bin;C:\WINDOWS\Sun\Java\bin;C:\WINDOWS\system32;C:\WINDOWS;C:\java8\bin;C:\java8\jre\bin;C:\Program Files (x86)\NVIDIA Corporation\PhysX\Common; C:\Python33\;C:\Perl64\site\bin;C:\Perl64\bin;C:\PROGRA~2\Borland\CBUILD~1\Projects\Bpl;C:\PROGRA~2\Borland\CBUILD~1\Bin;C:\Program Files (x86)\Intel\iCLS Client\;C:\Program Files\Intel\iCLS Client\;C:\windows\system32;C:\windows;C:\windows\System32\Wbem;C:\windows\System32\WindowsPowerShell\v1.0\;C:\Program Files\Intel\Intel(R) Management Engine Components\DAL;C:\Program Files\Intel\Intel(R) Management Engine Components\IPT;C:\Program Files (x86)\Intel\Intel(R) Management Engine Components\DAL;C:\Program Files (x86)\Intel\Intel(R) Management Engine Components\IPT;C:\Program Files\Lenovo\Bluetooth Software\;C:\Program Files\Lenovo\Bluetooth Software\syswow64;C:\Program Files (x86)\MiKTeX 2.9\miktex\bin\;C:\Program Files (x86)\PDFtk\bin\;c:\cygwin\bin;C:\Program Files (x86)\cvsnt;C:\WINDOWS\system32;C:\WINDOWS;C:\WINDOWS\System32\Wbem;C:\WINDOWS\System32\WindowsPowerShell\v1.0\;C:\Program Files\MATLAB\R2014a\runtime\win64;C:\Program Files\MATLAB\R2014a\bin;C:\Program Files\MATLAB\R2014a\polyspace\bin;C:\Program Files (x86)\Windows Live\Shared;C:\Program Files (x86)\Skype\Phone\;;.;;.;;.
jan 30, 2017 7:30:23 PM org.apache.coyote.AbstractProtocol init
INFO: Initializing ProtocolHandler ["http-bio-8080"]
jan 30, 2017 7:30:23 PM org.apache.coyote.AbstractProtocol init
INFO: Initializing ProtocolHandler ["ajp-bio-8009"]
jan 30, 2017 7:30:23 PM org.apache.catalina.startup.Catalina load
INFO: Initialization processed in 1774 ms
jan 30, 2017 7:30:23 PM org.apache.catalina.core.StandardService startInternal
INFO: Starting service Catalina
jan 30, 2017 7:30:23 PM org.apache.catalina.core.StandardEngine startInternal
INFO: Starting Servlet Engine: Apache Tomcat/7.0.73
jan 30, 2017 7:30:23 PM org.apache.catalina.startup.HostConfig deployDirectory
INFO: Deploying web application directory D:\Nina\apache-tomcat-7.0.73\webapps\docs
jan 30, 2017 7:30:24 PM org.apache.catalina.util.SessionIdGeneratorBase createSecureRandom
INFO: Creation of SecureRandom instance for session ID generation using [SHA1PRNG] took [181] milliseconds.
jan 30, 2017 7:30:24 PM org.apache.catalina.startup.HostConfig deployDirectory
INFO: Deployment of web application directory D:\Nina\apache-tomcat-7.0.73\webapps\docs has finished in 868 ms
jan 30, 2017 7:30:24 PM org.apache.catalina.startup.HostConfig deployDirectory
INFO: Deploying web application directory D:\Nina\apache-tomcat-7.0.73\webapps\examples
jan 30, 2017 7:30:25 PM org.apache.catalina.startup.HostConfig deployDirectory
INFO: Deployment of web application directory D:\Nina\apache-tomcat-7.0.73\webapps\examples has finished in 744 ms
jan 30, 2017 7:30:25 PM org.apache.catalina.startup.HostConfig deployDirectory
INFO: Deploying web application directory D:\Nina\apache-tomcat-7.0.73\webapps\host-manager
jan 30, 2017 7:30:25 PM org.apache.catalina.startup.HostConfig deployDirectory
INFO: Deployment of web application directory D:\Nina\apache-tomcat-7.0.73\webapps\host-manager has finished in 146 ms
jan 30, 2017 7:30:25 PM org.apache.catalina.startup.HostConfig deployDirectory
INFO: Deploying web application directory D:\Nina\apache-tomcat-7.0.73\webapps\manager
jan 30, 2017 7:30:25 PM org.apache.catalina.startup.HostConfig deployDirectory
INFO: Deployment of web application directory D:\Nina\apache-tomcat-7.0.73\webapps\manager has finished in 116 ms
jan 30, 2017 7:30:25 PM org.apache.catalina.startup.HostConfig deployDirectory
INFO: Deploying web application directory D:\Nina\apache-tomcat-7.0.73\webapps\ROOT
jan 30, 2017 7:30:25 PM org.apache.tomcat.util.digester.Digester fatalError
SEVERE: Parse Fatal Error at line 20 column 2: The markup in the document following the root element must be well-formed.
org.xml.sax.SAXParseException; systemId: jndi:/localhost/WEB-INF/web.xml; lineNumber: 20; columnNumber: 2; The markup in the document following the root element must be well-formed.
	at com.sun.org.apache.xerces.internal.util.ErrorHandlerWrapper.createSAXParseException(ErrorHandlerWrapper.java:203)
	at com.sun.org.apache.xerces.internal.util.ErrorHandlerWrapper.fatalError(ErrorHandlerWrapper.java:177)
	at com.sun.org.apache.xerces.internal.impl.XMLErrorReporter.reportError(XMLErrorReporter.java:441)
	at com.sun.org.apache.xerces.internal.impl.XMLErrorReporter.reportError(XMLErrorReporter.java:368)
	at com.sun.org.apache.xerces.internal.impl.XMLScanner.reportFatalError(XMLScanner.java:1436)
	at com.sun.org.apache.xerces.internal.impl.XMLDocumentScannerImpl$TrailingMiscDriver.next(XMLDocumentScannerImpl.java:1397)
	at com.sun.org.apache.xerces.internal.impl.XMLDocumentScannerImpl.next(XMLDocumentScannerImpl.java:606)
	at com.sun.org.apache.xerces.internal.impl.XMLDocumentFragmentScannerImpl.scanDocument(XMLDocumentFragmentScannerImpl.java:510)
	at com.sun.org.apache.xerces.internal.parsers.XML11Configuration.parse(XML11Configuration.java:848)
	at com.sun.org.apache.xerces.internal.parsers.XML11Configuration.parse(XML11Configuration.java:777)
	at com.sun.org.apache.xerces.internal.parsers.XMLParser.parse(XMLParser.java:141)
	at com.sun.org.apache.xerces.internal.parsers.AbstractSAXParser.parse(AbstractSAXParser.java:1213)
	at com.sun.org.apache.xerces.internal.jaxp.SAXParserImpl$JAXPSAXParser.parse(SAXParserImpl.java:649)
	at org.apache.tomcat.util.digester.Digester.parse(Digester.java:1576)
	at org.apache.catalina.startup.ContextConfig.parseWebXml(ContextConfig.java:1862)
	at org.apache.catalina.startup.ContextConfig.webConfig(ContextConfig.java:1262)
	at org.apache.catalina.startup.ContextConfig.configureStart(ContextConfig.java:888)
	at org.apache.catalina.startup.ContextConfig.lifecycleEvent(ContextConfig.java:388)
	at org.apache.catalina.util.LifecycleSupport.fireLifecycleEvent(LifecycleSupport.java:117)
	at org.apache.catalina.util.LifecycleBase.fireLifecycleEvent(LifecycleBase.java:90)
	at org.apache.catalina.core.StandardContext.startInternal(StandardContext.java:5522)
	at org.apache.catalina.util.LifecycleBase.start(LifecycleBase.java:145)
	at org.apache.catalina.core.ContainerBase.addChildInternal(ContainerBase.java:899)
	at org.apache.catalina.core.ContainerBase.addChild(ContainerBase.java:875)
	at org.apache.catalina.core.StandardHost.addChild(StandardHost.java:652)
	at org.apache.catalina.startup.HostConfig.deployDirectory(HostConfig.java:1260)
	at org.apache.catalina.startup.HostConfig$DeployDirectory.run(HostConfig.java:2002)
	at java.util.concurrent.Executors$RunnableAdapter.call(Executors.java:511)
	at java.util.concurrent.FutureTask.run(FutureTask.java:266)
	at java.util.concurrent.ThreadPoolExecutor.runWorker(ThreadPoolExecutor.java:1142)
	at java.util.concurrent.ThreadPoolExecutor$Worker.run(ThreadPoolExecutor.java:617)
	at java.lang.Thread.run(Thread.java:745)

jan 30, 2017 7:30:25 PM org.apache.catalina.startup.ContextConfig parseWebXml
SEVERE: Parse error in application web.xml file at jndi:/localhost/WEB-INF/web.xml
org.xml.sax.SAXParseException; systemId: jndi:/localhost/WEB-INF/web.xml; lineNumber: 20; columnNumber: 2; The markup in the document following the root element must be well-formed.
	at com.sun.org.apache.xerces.internal.util.ErrorHandlerWrapper.createSAXParseException(ErrorHandlerWrapper.java:203)
	at com.sun.org.apache.xerces.internal.util.ErrorHandlerWrapper.fatalError(ErrorHandlerWrapper.java:177)
	at com.sun.org.apache.xerces.internal.impl.XMLErrorReporter.reportError(XMLErrorReporter.java:441)
	at com.sun.org.apache.xerces.internal.impl.XMLErrorReporter.reportError(XMLErrorReporter.java:368)
	at com.sun.org.apache.xerces.internal.impl.XMLScanner.reportFatalError(XMLScanner.java:1436)
	at com.sun.org.apache.xerces.internal.impl.XMLDocumentScannerImpl$TrailingMiscDriver.next(XMLDocumentScannerImpl.java:1397)
	at com.sun.org.apache.xerces.internal.impl.XMLDocumentScannerImpl.next(XMLDocumentScannerImpl.java:606)
	at com.sun.org.apache.xerces.internal.impl.XMLDocumentFragmentScannerImpl.scanDocument(XMLDocumentFragmentScannerImpl.java:510)
	at com.sun.org.apache.xerces.internal.parsers.XML11Configuration.parse(XML11Configuration.java:848)
	at com.sun.org.apache.xerces.internal.parsers.XML11Configuration.parse(XML11Configuration.java:777)
	at com.sun.org.apache.xerces.internal.parsers.XMLParser.parse(XMLParser.java:141)
	at com.sun.org.apache.xerces.internal.parsers.AbstractSAXParser.parse(AbstractSAXParser.java:1213)
	at com.sun.org.apache.xerces.internal.jaxp.SAXParserImpl$JAXPSAXParser.parse(SAXParserImpl.java:649)
	at org.apache.tomcat.util.digester.Digester.parse(Digester.java:1576)
	at org.apache.catalina.startup.ContextConfig.parseWebXml(ContextConfig.java:1862)
	at org.apache.catalina.startup.ContextConfig.webConfig(ContextConfig.java:1262)
	at org.apache.catalina.startup.ContextConfig.configureStart(ContextConfig.java:888)
	at org.apache.catalina.startup.ContextConfig.lifecycleEvent(ContextConfig.java:388)
	at org.apache.catalina.util.LifecycleSupport.fireLifecycleEvent(LifecycleSupport.java:117)
	at org.apache.catalina.util.LifecycleBase.fireLifecycleEvent(LifecycleBase.java:90)
	at org.apache.catalina.core.StandardContext.startInternal(StandardContext.java:5522)
	at org.apache.catalina.util.LifecycleBase.start(LifecycleBase.java:145)
	at org.apache.catalina.core.ContainerBase.addChildInternal(ContainerBase.java:899)
	at org.apache.catalina.core.ContainerBase.addChild(ContainerBase.java:875)
	at org.apache.catalina.core.StandardHost.addChild(StandardHost.java:652)
	at org.apache.catalina.startup.HostConfig.deployDirectory(HostConfig.java:1260)
	at org.apache.catalina.startup.HostConfig$DeployDirectory.run(HostConfig.java:2002)
	at java.util.concurrent.Executors$RunnableAdapter.call(Executors.java:511)
	at java.util.concurrent.FutureTask.run(FutureTask.java:266)
	at java.util.concurrent.ThreadPoolExecutor.runWorker(ThreadPoolExecutor.java:1142)
	at java.util.concurrent.ThreadPoolExecutor$Worker.run(ThreadPoolExecutor.java:617)
	at java.lang.Thread.run(Thread.java:745)

jan 30, 2017 7:30:25 PM org.apache.catalina.startup.ContextConfig parseWebXml
SEVERE: Occurred at line 20 column 2
jan 30, 2017 7:30:25 PM org.apache.catalina.startup.ContextConfig configureStart
SEVERE: Marking this application unavailable due to previous error(s)
jan 30, 2017 7:30:25 PM org.apache.catalina.core.StandardContext startInternal
SEVERE: One or more components marked the context as not correctly configured
jan 30, 2017 7:30:25 PM org.apache.catalina.core.StandardContext startInternal
SEVERE: Context [] startup failed due to previous errors
jan 30, 2017 7:30:25 PM org.apache.catalina.startup.HostConfig deployDirectory
INFO: Deployment of web application directory D:\Nina\apache-tomcat-7.0.73\webapps\ROOT has finished in 80 ms
jan 30, 2017 7:30:25 PM org.apache.coyote.AbstractProtocol start
INFO: Starting ProtocolHandler ["http-bio-8080"]
jan 30, 2017 7:30:25 PM org.apache.coyote.AbstractProtocol start
INFO: Starting ProtocolHandler ["ajp-bio-8009"]
jan 30, 2017 7:30:25 PM org.apache.catalina.startup.Catalina start
INFO: Server startup in 2215 ms
jan 30, 2017 7:35:03 PM org.apache.catalina.startup.VersionLoggerListener log
INFO: Server version:        Apache Tomcat/7.0.73
jan 30, 2017 7:35:03 PM org.apache.catalina.startup.VersionLoggerListener log
INFO: Server built:          Nov 7 2016 21:27:23 UTC
jan 30, 2017 7:35:03 PM org.apache.catalina.startup.VersionLoggerListener log
INFO: Server number:         7.0.73.0
jan 30, 2017 7:35:03 PM org.apache.catalina.startup.VersionLoggerListener log
INFO: OS Name:               Windows 8.1
jan 30, 2017 7:35:03 PM org.apache.catalina.startup.VersionLoggerListener log
INFO: OS Version:            6.3
jan 30, 2017 7:35:03 PM org.apache.catalina.startup.VersionLoggerListener log
INFO: Architecture:          amd64
jan 30, 2017 7:35:03 PM org.apache.catalina.startup.VersionLoggerListener log
INFO: Java Home:             c:\java8\jre
jan 30, 2017 7:35:03 PM org.apache.catalina.startup.VersionLoggerListener log
INFO: JVM Version:           1.8.0_05-b13
jan 30, 2017 7:35:03 PM org.apache.catalina.startup.VersionLoggerListener log
INFO: JVM Vendor:            Oracle Corporation
jan 30, 2017 7:35:03 PM org.apache.catalina.startup.VersionLoggerListener log
INFO: CATALINA_BASE:         d:\Nina\apache-tomcat-7.0.73
jan 30, 2017 7:35:03 PM org.apache.catalina.startup.VersionLoggerListener log
INFO: CATALINA_HOME:         d:\Nina\apache-tomcat-7.0.73
jan 30, 2017 7:35:03 PM org.apache.catalina.startup.VersionLoggerListener log
INFO: Command line argument: -Djdk.tls.ephemeralDHKeySize=2048
jan 30, 2017 7:35:03 PM org.apache.catalina.startup.VersionLoggerListener log
INFO: Command line argument: -Djava.util.logging.config.file=d:\Nina\apache-tomcat-7.0.73\conf\logging.properties
jan 30, 2017 7:35:03 PM org.apache.catalina.startup.VersionLoggerListener log
INFO: Command line argument: -Djava.util.logging.manager=org.apache.juli.ClassLoaderLogManager
jan 30, 2017 7:35:03 PM org.apache.catalina.startup.VersionLoggerListener log
INFO: Command line argument: -Djava.endorsed.dirs=d:\Nina\apache-tomcat-7.0.73\endorsed
jan 30, 2017 7:35:03 PM org.apache.catalina.startup.VersionLoggerListener log
INFO: Command line argument: -Dcatalina.base=d:\Nina\apache-tomcat-7.0.73
jan 30, 2017 7:35:03 PM org.apache.catalina.startup.VersionLoggerListener log
INFO: Command line argument: -Dcatalina.home=d:\Nina\apache-tomcat-7.0.73
jan 30, 2017 7:35:03 PM org.apache.catalina.startup.VersionLoggerListener log
INFO: Command line argument: -Djava.io.tmpdir=d:\Nina\apache-tomcat-7.0.73\temp
jan 30, 2017 7:35:03 PM org.apache.catalina.core.AprLifecycleListener lifecycleEvent
INFO: The APR based Apache Tomcat Native library which allows optimal performance in production environments was not found on the java.library.path: c:\java8\bin;C:\WINDOWS\Sun\Java\bin;C:\WINDOWS\system32;C:\WINDOWS;C:\java8\bin;C:\java8\jre\bin;C:\Program Files (x86)\NVIDIA Corporation\PhysX\Common; C:\Python33\;C:\Perl64\site\bin;C:\Perl64\bin;C:\PROGRA~2\Borland\CBUILD~1\Projects\Bpl;C:\PROGRA~2\Borland\CBUILD~1\Bin;C:\Program Files (x86)\Intel\iCLS Client\;C:\Program Files\Intel\iCLS Client\;C:\windows\system32;C:\windows;C:\windows\System32\Wbem;C:\windows\System32\WindowsPowerShell\v1.0\;C:\Program Files\Intel\Intel(R) Management Engine Components\DAL;C:\Program Files\Intel\Intel(R) Management Engine Components\IPT;C:\Program Files (x86)\Intel\Intel(R) Management Engine Components\DAL;C:\Program Files (x86)\Intel\Intel(R) Management Engine Components\IPT;C:\Program Files\Lenovo\Bluetooth Software\;C:\Program Files\Lenovo\Bluetooth Software\syswow64;C:\Program Files (x86)\MiKTeX 2.9\miktex\bin\;C:\Program Files (x86)\PDFtk\bin\;c:\cygwin\bin;C:\Program Files (x86)\cvsnt;C:\WINDOWS\system32;C:\WINDOWS;C:\WINDOWS\System32\Wbem;C:\WINDOWS\System32\WindowsPowerShell\v1.0\;C:\Program Files\MATLAB\R2014a\runtime\win64;C:\Program Files\MATLAB\R2014a\bin;C:\Program Files\MATLAB\R2014a\polyspace\bin;C:\Program Files (x86)\Windows Live\Shared;C:\Program Files (x86)\Skype\Phone\;;.;;.;;.
jan 30, 2017 7:35:03 PM org.apache.coyote.AbstractProtocol init
INFO: Initializing ProtocolHandler ["http-bio-8080"]
jan 30, 2017 7:35:03 PM org.apache.coyote.AbstractProtocol init
INFO: Initializing ProtocolHandler ["ajp-bio-8009"]
jan 30, 2017 7:35:03 PM org.apache.catalina.startup.Catalina load
INFO: Initialization processed in 1889 ms
jan 30, 2017 7:35:03 PM org.apache.catalina.core.StandardService startInternal
INFO: Starting service Catalina
jan 30, 2017 7:35:04 PM org.apache.catalina.core.StandardEngine startInternal
INFO: Starting Servlet Engine: Apache Tomcat/7.0.73
jan 30, 2017 7:35:04 PM org.apache.catalina.startup.HostConfig deployDirectory
INFO: Deploying web application directory D:\Nina\apache-tomcat-7.0.73\webapps\docs
jan 30, 2017 7:35:04 PM org.apache.catalina.util.SessionIdGeneratorBase createSecureRandom
INFO: Creation of SecureRandom instance for session ID generation using [SHA1PRNG] took [164] milliseconds.
jan 30, 2017 7:35:04 PM org.apache.catalina.startup.HostConfig deployDirectory
INFO: Deployment of web application directory D:\Nina\apache-tomcat-7.0.73\webapps\docs has finished in 885 ms
jan 30, 2017 7:35:04 PM org.apache.catalina.startup.HostConfig deployDirectory
INFO: Deploying web application directory D:\Nina\apache-tomcat-7.0.73\webapps\examples
jan 30, 2017 7:35:05 PM org.apache.catalina.startup.HostConfig deployDirectory
INFO: Deployment of web application directory D:\Nina\apache-tomcat-7.0.73\webapps\examples has finished in 819 ms
jan 30, 2017 7:35:05 PM org.apache.catalina.startup.HostConfig deployDirectory
INFO: Deploying web application directory D:\Nina\apache-tomcat-7.0.73\webapps\host-manager
jan 30, 2017 7:35:06 PM org.apache.catalina.startup.HostConfig deployDirectory
INFO: Deployment of web application directory D:\Nina\apache-tomcat-7.0.73\webapps\host-manager has finished in 270 ms
jan 30, 2017 7:35:06 PM org.apache.catalina.startup.HostConfig deployDirectory
INFO: Deploying web application directory D:\Nina\apache-tomcat-7.0.73\webapps\manager
jan 30, 2017 7:35:06 PM org.apache.catalina.startup.HostConfig deployDirectory
INFO: Deployment of web application directory D:\Nina\apache-tomcat-7.0.73\webapps\manager has finished in 118 ms
jan 30, 2017 7:35:06 PM org.apache.catalina.startup.HostConfig deployDirectory
INFO: Deploying web application directory D:\Nina\apache-tomcat-7.0.73\webapps\ROOT
jan 30, 2017 7:35:06 PM org.apache.catalina.startup.HostConfig deployDirectory
INFO: Deployment of web application directory D:\Nina\apache-tomcat-7.0.73\webapps\ROOT has finished in 153 ms
jan 30, 2017 7:35:06 PM org.apache.coyote.AbstractProtocol start
INFO: Starting ProtocolHandler ["http-bio-8080"]
jan 30, 2017 7:35:06 PM org.apache.coyote.AbstractProtocol start
INFO: Starting ProtocolHandler ["ajp-bio-8009"]
jan 30, 2017 7:35:06 PM org.apache.catalina.startup.Catalina start
INFO: Server startup in 2400 ms
jan 30, 2017 7:36:43 PM org.apache.catalina.startup.VersionLoggerListener log
INFO: Server version:        Apache Tomcat/7.0.73
jan 30, 2017 7:36:43 PM org.apache.catalina.startup.VersionLoggerListener log
INFO: Server built:          Nov 7 2016 21:27:23 UTC
jan 30, 2017 7:36:43 PM org.apache.catalina.startup.VersionLoggerListener log
INFO: Server number:         7.0.73.0
jan 30, 2017 7:36:43 PM org.apache.catalina.startup.VersionLoggerListener log
INFO: OS Name:               Windows 8.1
jan 30, 2017 7:36:43 PM org.apache.catalina.startup.VersionLoggerListener log
INFO: OS Version:            6.3
jan 30, 2017 7:36:43 PM org.apache.catalina.startup.VersionLoggerListener log
INFO: Architecture:          amd64
jan 30, 2017 7:36:43 PM org.apache.catalina.startup.VersionLoggerListener log
INFO: Java Home:             c:\java8\jre
jan 30, 2017 7:36:43 PM org.apache.catalina.startup.VersionLoggerListener log
INFO: JVM Version:           1.8.0_05-b13
jan 30, 2017 7:36:43 PM org.apache.catalina.startup.VersionLoggerListener log
INFO: JVM Vendor:            Oracle Corporation
jan 30, 2017 7:36:43 PM org.apache.catalina.startup.VersionLoggerListener log
INFO: CATALINA_BASE:         d:\Nina\apache-tomcat-7.0.73
jan 30, 2017 7:36:43 PM org.apache.catalina.startup.VersionLoggerListener log
INFO: CATALINA_HOME:         d:\Nina\apache-tomcat-7.0.73
jan 30, 2017 7:36:43 PM org.apache.catalina.startup.VersionLoggerListener log
INFO: Command line argument: -Djdk.tls.ephemeralDHKeySize=2048
jan 30, 2017 7:36:43 PM org.apache.catalina.startup.VersionLoggerListener log
INFO: Command line argument: -Djava.util.logging.config.file=d:\Nina\apache-tomcat-7.0.73\conf\logging.properties
jan 30, 2017 7:36:43 PM org.apache.catalina.startup.VersionLoggerListener log
INFO: Command line argument: -Djava.util.logging.manager=org.apache.juli.ClassLoaderLogManager
jan 30, 2017 7:36:43 PM org.apache.catalina.startup.VersionLoggerListener log
INFO: Command line argument: -Djava.endorsed.dirs=d:\Nina\apache-tomcat-7.0.73\endorsed
jan 30, 2017 7:36:43 PM org.apache.catalina.startup.VersionLoggerListener log
INFO: Command line argument: -Dcatalina.base=d:\Nina\apache-tomcat-7.0.73
jan 30, 2017 7:36:43 PM org.apache.catalina.startup.VersionLoggerListener log
INFO: Command line argument: -Dcatalina.home=d:\Nina\apache-tomcat-7.0.73
jan 30, 2017 7:36:43 PM org.apache.catalina.startup.VersionLoggerListener log
INFO: Command line argument: -Djava.io.tmpdir=d:\Nina\apache-tomcat-7.0.73\temp
jan 30, 2017 7:36:43 PM org.apache.catalina.core.AprLifecycleListener lifecycleEvent
INFO: The APR based Apache Tomcat Native library which allows optimal performance in production environments was not found on the java.library.path: c:\java8\bin;C:\WINDOWS\Sun\Java\bin;C:\WINDOWS\system32;C:\WINDOWS;C:\java8\bin;C:\java8\jre\bin;C:\Program Files (x86)\NVIDIA Corporation\PhysX\Common; C:\Python33\;C:\Perl64\site\bin;C:\Perl64\bin;C:\PROGRA~2\Borland\CBUILD~1\Projects\Bpl;C:\PROGRA~2\Borland\CBUILD~1\Bin;C:\Program Files (x86)\Intel\iCLS Client\;C:\Program Files\Intel\iCLS Client\;C:\windows\system32;C:\windows;C:\windows\System32\Wbem;C:\windows\System32\WindowsPowerShell\v1.0\;C:\Program Files\Intel\Intel(R) Management Engine Components\DAL;C:\Program Files\Intel\Intel(R) Management Engine Components\IPT;C:\Program Files (x86)\Intel\Intel(R) Management Engine Components\DAL;C:\Program Files (x86)\Intel\Intel(R) Management Engine Components\IPT;C:\Program Files\Lenovo\Bluetooth Software\;C:\Program Files\Lenovo\Bluetooth Software\syswow64;C:\Program Files (x86)\MiKTeX 2.9\miktex\bin\;C:\Program Files (x86)\PDFtk\bin\;c:\cygwin\bin;C:\Program Files (x86)\cvsnt;C:\WINDOWS\system32;C:\WINDOWS;C:\WINDOWS\System32\Wbem;C:\WINDOWS\System32\WindowsPowerShell\v1.0\;C:\Program Files\MATLAB\R2014a\runtime\win64;C:\Program Files\MATLAB\R2014a\bin;C:\Program Files\MATLAB\R2014a\polyspace\bin;C:\Program Files (x86)\Windows Live\Shared;C:\Program Files (x86)\Skype\Phone\;;.;;.;;.
jan 30, 2017 7:36:44 PM org.apache.coyote.AbstractProtocol init
INFO: Initializing ProtocolHandler ["http-bio-8080"]
jan 30, 2017 7:36:44 PM org.apache.coyote.AbstractProtocol init
INFO: Initializing ProtocolHandler ["ajp-bio-8009"]
jan 30, 2017 7:36:44 PM org.apache.catalina.startup.Catalina load
INFO: Initialization processed in 1749 ms
jan 30, 2017 7:36:44 PM org.apache.catalina.core.StandardService startInternal
INFO: Starting service Catalina
jan 30, 2017 7:36:44 PM org.apache.catalina.core.StandardEngine startInternal
INFO: Starting Servlet Engine: Apache Tomcat/7.0.73
jan 30, 2017 7:36:44 PM org.apache.catalina.startup.HostConfig deployDirectory
INFO: Deploying web application directory D:\Nina\apache-tomcat-7.0.73\webapps\docs
jan 30, 2017 7:36:45 PM org.apache.catalina.util.SessionIdGeneratorBase createSecureRandom
INFO: Creation of SecureRandom instance for session ID generation using [SHA1PRNG] took [171] milliseconds.
jan 30, 2017 7:36:45 PM org.apache.catalina.startup.HostConfig deployDirectory
INFO: Deployment of web application directory D:\Nina\apache-tomcat-7.0.73\webapps\docs has finished in 872 ms
jan 30, 2017 7:36:45 PM org.apache.catalina.startup.HostConfig deployDirectory
INFO: Deploying web application directory D:\Nina\apache-tomcat-7.0.73\webapps\examples
jan 30, 2017 7:36:46 PM org.apache.catalina.startup.HostConfig deployDirectory
INFO: Deployment of web application directory D:\Nina\apache-tomcat-7.0.73\webapps\examples has finished in 837 ms
jan 30, 2017 7:36:46 PM org.apache.catalina.startup.HostConfig deployDirectory
INFO: Deploying web application directory D:\Nina\apache-tomcat-7.0.73\webapps\host-manager
jan 30, 2017 7:36:46 PM org.apache.catalina.startup.HostConfig deployDirectory
INFO: Deployment of web application directory D:\Nina\apache-tomcat-7.0.73\webapps\host-manager has finished in 165 ms
jan 30, 2017 7:36:46 PM org.apache.catalina.startup.HostConfig deployDirectory
INFO: Deploying web application directory D:\Nina\apache-tomcat-7.0.73\webapps\manager
jan 30, 2017 7:36:46 PM org.apache.catalina.startup.HostConfig deployDirectory
INFO: Deployment of web application directory D:\Nina\apache-tomcat-7.0.73\webapps\manager has finished in 147 ms
jan 30, 2017 7:36:46 PM org.apache.catalina.startup.HostConfig deployDirectory
INFO: Deploying web application directory D:\Nina\apache-tomcat-7.0.73\webapps\ROOT
jan 30, 2017 7:36:46 PM org.apache.catalina.startup.HostConfig deployDirectory
INFO: Deployment of web application directory D:\Nina\apache-tomcat-7.0.73\webapps\ROOT has finished in 158 ms
jan 30, 2017 7:36:46 PM org.apache.coyote.AbstractProtocol start
INFO: Starting ProtocolHandler ["http-bio-8080"]
jan 30, 2017 7:36:46 PM org.apache.coyote.AbstractProtocol start
INFO: Starting ProtocolHandler ["ajp-bio-8009"]
jan 30, 2017 7:36:46 PM org.apache.catalina.startup.Catalina start
INFO: Server startup in 2317 ms
jan 30, 2017 7:40:23 PM org.apache.catalina.startup.VersionLoggerListener log
INFO: Server version:        Apache Tomcat/7.0.73
jan 30, 2017 7:40:23 PM org.apache.catalina.startup.VersionLoggerListener log
INFO: Server built:          Nov 7 2016 21:27:23 UTC
jan 30, 2017 7:40:23 PM org.apache.catalina.startup.VersionLoggerListener log
INFO: Server number:         7.0.73.0
jan 30, 2017 7:40:23 PM org.apache.catalina.startup.VersionLoggerListener log
INFO: OS Name:               Windows 8.1
jan 30, 2017 7:40:23 PM org.apache.catalina.startup.VersionLoggerListener log
INFO: OS Version:            6.3
jan 30, 2017 7:40:23 PM org.apache.catalina.startup.VersionLoggerListener log
INFO: Architecture:          amd64
jan 30, 2017 7:40:23 PM org.apache.catalina.startup.VersionLoggerListener log
INFO: Java Home:             c:\java8\jre
jan 30, 2017 7:40:23 PM org.apache.catalina.startup.VersionLoggerListener log
INFO: JVM Version:           1.8.0_05-b13
jan 30, 2017 7:40:23 PM org.apache.catalina.startup.VersionLoggerListener log
INFO: JVM Vendor:            Oracle Corporation
jan 30, 2017 7:40:24 PM org.apache.catalina.startup.VersionLoggerListener log
INFO: CATALINA_BASE:         d:\Nina\apache-tomcat-7.0.73
jan 30, 2017 7:40:24 PM org.apache.catalina.startup.VersionLoggerListener log
INFO: CATALINA_HOME:         d:\Nina\apache-tomcat-7.0.73
jan 30, 2017 7:40:24 PM org.apache.catalina.startup.VersionLoggerListener log
INFO: Command line argument: -Djdk.tls.ephemeralDHKeySize=2048
jan 30, 2017 7:40:24 PM org.apache.catalina.startup.VersionLoggerListener log
INFO: Command line argument: -Djava.util.logging.config.file=d:\Nina\apache-tomcat-7.0.73\conf\logging.properties
jan 30, 2017 7:40:24 PM org.apache.catalina.startup.VersionLoggerListener log
INFO: Command line argument: -Djava.util.logging.manager=org.apache.juli.ClassLoaderLogManager
jan 30, 2017 7:40:24 PM org.apache.catalina.startup.VersionLoggerListener log
INFO: Command line argument: -Djava.endorsed.dirs=d:\Nina\apache-tomcat-7.0.73\endorsed
jan 30, 2017 7:40:24 PM org.apache.catalina.startup.VersionLoggerListener log
INFO: Command line argument: -Dcatalina.base=d:\Nina\apache-tomcat-7.0.73
jan 30, 2017 7:40:24 PM org.apache.catalina.startup.VersionLoggerListener log
INFO: Command line argument: -Dcatalina.home=d:\Nina\apache-tomcat-7.0.73
jan 30, 2017 7:40:24 PM org.apache.catalina.startup.VersionLoggerListener log
INFO: Command line argument: -Djava.io.tmpdir=d:\Nina\apache-tomcat-7.0.73\temp
jan 30, 2017 7:40:24 PM org.apache.catalina.core.AprLifecycleListener lifecycleEvent
INFO: The APR based Apache Tomcat Native library which allows optimal performance in production environments was not found on the java.library.path: c:\java8\bin;C:\WINDOWS\Sun\Java\bin;C:\WINDOWS\system32;C:\WINDOWS;C:\java8\bin;C:\java8\jre\bin;C:\Program Files (x86)\NVIDIA Corporation\PhysX\Common; C:\Python33\;C:\Perl64\site\bin;C:\Perl64\bin;C:\PROGRA~2\Borland\CBUILD~1\Projects\Bpl;C:\PROGRA~2\Borland\CBUILD~1\Bin;C:\Program Files (x86)\Intel\iCLS Client\;C:\Program Files\Intel\iCLS Client\;C:\windows\system32;C:\windows;C:\windows\System32\Wbem;C:\windows\System32\WindowsPowerShell\v1.0\;C:\Program Files\Intel\Intel(R) Management Engine Components\DAL;C:\Program Files\Intel\Intel(R) Management Engine Components\IPT;C:\Program Files (x86)\Intel\Intel(R) Management Engine Components\DAL;C:\Program Files (x86)\Intel\Intel(R) Management Engine Components\IPT;C:\Program Files\Lenovo\Bluetooth Software\;C:\Program Files\Lenovo\Bluetooth Software\syswow64;C:\Program Files (x86)\MiKTeX 2.9\miktex\bin\;C:\Program Files (x86)\PDFtk\bin\;c:\cygwin\bin;C:\Program Files (x86)\cvsnt;C:\WINDOWS\system32;C:\WINDOWS;C:\WINDOWS\System32\Wbem;C:\WINDOWS\System32\WindowsPowerShell\v1.0\;C:\Program Files\MATLAB\R2014a\runtime\win64;C:\Program Files\MATLAB\R2014a\bin;C:\Program Files\MATLAB\R2014a\polyspace\bin;C:\Program Files (x86)\Windows Live\Shared;C:\Program Files (x86)\Skype\Phone\;;.;;.;;.
jan 30, 2017 7:40:24 PM org.apache.coyote.AbstractProtocol init
INFO: Initializing ProtocolHandler ["http-bio-8080"]
jan 30, 2017 7:40:24 PM org.apache.coyote.AbstractProtocol init
INFO: Initializing ProtocolHandler ["ajp-bio-8009"]
jan 30, 2017 7:40:24 PM org.apache.catalina.startup.Catalina load
INFO: Initialization processed in 1878 ms
jan 30, 2017 7:40:24 PM org.apache.catalina.core.StandardService startInternal
INFO: Starting service Catalina
jan 30, 2017 7:40:24 PM org.apache.catalina.core.StandardEngine startInternal
INFO: Starting Servlet Engine: Apache Tomcat/7.0.73
jan 30, 2017 7:40:24 PM org.apache.catalina.startup.HostConfig deployDirectory
INFO: Deploying web application directory D:\Nina\apache-tomcat-7.0.73\webapps\docs
jan 30, 2017 7:40:25 PM org.apache.catalina.util.SessionIdGeneratorBase createSecureRandom
INFO: Creation of SecureRandom instance for session ID generation using [SHA1PRNG] took [196] milliseconds.
jan 30, 2017 7:40:25 PM org.apache.catalina.startup.HostConfig deployDirectory
INFO: Deployment of web application directory D:\Nina\apache-tomcat-7.0.73\webapps\docs has finished in 888 ms
jan 30, 2017 7:40:25 PM org.apache.catalina.startup.HostConfig deployDirectory
INFO: Deploying web application directory D:\Nina\apache-tomcat-7.0.73\webapps\examples
jan 30, 2017 7:40:26 PM org.apache.catalina.startup.HostConfig deployDirectory
INFO: Deployment of web application directory D:\Nina\apache-tomcat-7.0.73\webapps\examples has finished in 643 ms
jan 30, 2017 7:40:26 PM org.apache.catalina.startup.HostConfig deployDirectory
INFO: Deploying web application directory D:\Nina\apache-tomcat-7.0.73\webapps\host-manager
jan 30, 2017 7:40:26 PM org.apache.catalina.startup.HostConfig deployDirectory
INFO: Deployment of web application directory D:\Nina\apache-tomcat-7.0.73\webapps\host-manager has finished in 123 ms
jan 30, 2017 7:40:26 PM org.apache.catalina.startup.HostConfig deployDirectory
INFO: Deploying web application directory D:\Nina\apache-tomcat-7.0.73\webapps\manager
jan 30, 2017 7:40:26 PM org.apache.catalina.startup.HostConfig deployDirectory
INFO: Deployment of web application directory D:\Nina\apache-tomcat-7.0.73\webapps\manager has finished in 143 ms
jan 30, 2017 7:40:26 PM org.apache.catalina.startup.HostConfig deployDirectory
INFO: Deploying web application directory D:\Nina\apache-tomcat-7.0.73\webapps\ROOT
jan 30, 2017 7:40:26 PM org.apache.catalina.startup.HostConfig deployDirectory
INFO: Deployment of web application directory D:\Nina\apache-tomcat-7.0.73\webapps\ROOT has finished in 140 ms
jan 30, 2017 7:40:26 PM org.apache.coyote.AbstractProtocol start
INFO: Starting ProtocolHandler ["http-bio-8080"]
jan 30, 2017 7:40:26 PM org.apache.coyote.AbstractProtocol start
INFO: Starting ProtocolHandler ["ajp-bio-8009"]
jan 30, 2017 7:40:26 PM org.apache.catalina.startup.Catalina start
INFO: Server startup in 2086 ms
