jan 30, 2017 6:23:20 PM org.apache.catalina.core.ApplicationContext log
INFO: ContextListener: contextInitialized()
jan 30, 2017 6:23:20 PM org.apache.catalina.core.ApplicationContext log
INFO: SessionListener: contextInitialized()
jan 30, 2017 6:23:20 PM org.apache.catalina.core.ApplicationContext log
INFO: ContextListener: attributeAdded('org.apache.jasper.compiler.TldLocationsCache', 'org.apache.jasper.compiler.TldLocationsCache@7a2a2ac6')
jan 30, 2017 7:11:44 PM org.apache.catalina.core.ApplicationContext log
INFO: ContextListener: contextInitialized()
jan 30, 2017 7:11:44 PM org.apache.catalina.core.ApplicationContext log
INFO: SessionListener: contextInitialized()
jan 30, 2017 7:11:44 PM org.apache.catalina.core.ApplicationContext log
INFO: ContextListener: attributeAdded('org.apache.jasper.compiler.TldLocationsCache', 'org.apache.jasper.compiler.TldLocationsCache@5880dab6')
jan 30, 2017 7:15:58 PM org.apache.catalina.core.ApplicationContext log
INFO: ContextListener: contextInitialized()
jan 30, 2017 7:15:58 PM org.apache.catalina.core.ApplicationContext log
INFO: SessionListener: contextInitialized()
jan 30, 2017 7:15:58 PM org.apache.catalina.core.ApplicationContext log
INFO: ContextListener: attributeAdded('org.apache.jasper.compiler.TldLocationsCache', 'org.apache.jasper.compiler.TldLocationsCache@302e3a68')
jan 30, 2017 7:15:59 PM org.apache.catalina.core.ApplicationContext log
INFO: SessionListener: contextDestroyed()
jan 30, 2017 7:15:59 PM org.apache.catalina.core.ApplicationContext log
INFO: ContextListener: contextDestroyed()
jan 30, 2017 7:22:30 PM org.apache.catalina.core.ApplicationContext log
INFO: ContextListener: contextInitialized()
jan 30, 2017 7:22:30 PM org.apache.catalina.core.ApplicationContext log
INFO: SessionListener: contextInitialized()
jan 30, 2017 7:22:30 PM org.apache.catalina.core.ApplicationContext log
INFO: ContextListener: attributeAdded('org.apache.jasper.compiler.TldLocationsCache', 'org.apache.jasper.compiler.TldLocationsCache@5880dab6')
jan 30, 2017 7:30:25 PM org.apache.catalina.core.ApplicationContext log
INFO: ContextListener: contextInitialized()
jan 30, 2017 7:30:25 PM org.apache.catalina.core.ApplicationContext log
INFO: SessionListener: contextInitialized()
jan 30, 2017 7:30:25 PM org.apache.catalina.core.ApplicationContext log
INFO: ContextListener: attributeAdded('org.apache.jasper.compiler.TldLocationsCache', 'org.apache.jasper.compiler.TldLocationsCache@423ab24c')
jan 30, 2017 7:35:05 PM org.apache.catalina.core.ApplicationContext log
INFO: ContextListener: contextInitialized()
jan 30, 2017 7:35:05 PM org.apache.catalina.core.ApplicationContext log
INFO: SessionListener: contextInitialized()
jan 30, 2017 7:35:05 PM org.apache.catalina.core.ApplicationContext log
INFO: ContextListener: attributeAdded('org.apache.jasper.compiler.TldLocationsCache', 'org.apache.jasper.compiler.TldLocationsCache@5d064c13')
jan 30, 2017 7:36:46 PM org.apache.catalina.core.ApplicationContext log
INFO: ContextListener: contextInitialized()
jan 30, 2017 7:36:46 PM org.apache.catalina.core.ApplicationContext log
INFO: SessionListener: contextInitialized()
jan 30, 2017 7:36:46 PM org.apache.catalina.core.ApplicationContext log
INFO: ContextListener: attributeAdded('org.apache.jasper.compiler.TldLocationsCache', 'org.apache.jasper.compiler.TldLocationsCache@597f49e7')
jan 30, 2017 7:40:26 PM org.apache.catalina.core.ApplicationContext log
INFO: ContextListener: contextInitialized()
jan 30, 2017 7:40:26 PM org.apache.catalina.core.ApplicationContext log
INFO: SessionListener: contextInitialized()
jan 30, 2017 7:40:26 PM org.apache.catalina.core.ApplicationContext log
INFO: ContextListener: attributeAdded('org.apache.jasper.compiler.TldLocationsCache', 'org.apache.jasper.compiler.TldLocationsCache@42162a6f')
